#
# A fatal error has been detected by the Java Runtime Environment:
#
#  EXCEPTION_ACCESS_VIOLATION (0xc0000005) at pc=0x00007ffbac9d3a9c, pid=12196, tid=0x00000000000038b4
#
# JRE version: OpenJDK Runtime Environment (8.0_362-b09) (build 1.8.0_362-b09)
# Java VM: OpenJDK 64-Bit Server VM (25.362-b09 mixed mode windows-amd64 compressed oops)
# Problematic frame:
# C  [igxelpicd64.dll+0x2c3a9c]
#
# Failed to write core dump. Minidumps are not enabled by default on client versions of Windows
#
# If you would like to submit a bug report, please visit:
#   https://github.com/adoptium/adoptium-support/issues
#

---------------  T H R E A D  ---------------

Current thread (0x000001ddbe3ee800):  VMThread [stack: 0x000000c7f6e00000,0x000000c7f6f00000] [id=14516]

siginfo: ExceptionCode=0xc0000005, reading address 0x0000000000035718

Registers:
RAX=0x000001ddc14a7408, RBX=0x000001ddc14a7300, RCX=0x0000000000000000, RDX=0x0000000000000000
RSP=0x000000c7f6efe6b0, RBP=0x0000000000000000, RSI=0x000001ddc14a78d0, RDI=0x000001ddc1e5db50
R8 =0x0000000000000014, R9 =0x0000000000000000, R10=0x0000000000000000, R11=0x0000000000000000
R12=0x0000000000000000, R13=0x000001ddc14a37f0, R14=0x00000000000cb700, R15=0x0000000000000016
RIP=0x00007ffbac9d3a9c, EFLAGS=0x0000000000010202

Top of Stack: (sp=0x000000c7f6efe6b0)
0x000000c7f6efe6b0:   000001ddc38ff1a0 0000000000000000
0x000000c7f6efe6c0:   00a644a6028e15a6 00007ffc50712c94
0x000000c7f6efe6d0:   0239b8a700a836a7 0133c2a700adb8a7
0x000000c7f6efe6e0:   01d8fda7023ee2a7 01c5b3a8023096a8
0x000000c7f6efe6f0:   000001ddc3c28e60 00000000000cb742
0x000000c7f6efe700:   0000000000000000 0000000000000013
0x000000c7f6efe710:   0000000000000000 0000000000000000
0x000000c7f6efe720:   000000c7f6efe830 00007ffbac9adffc
0x000000c7f6efe730:   000001ddc38ff1a0 000001ddc1e5db50
0x000000c7f6efe740:   01dd77b001cb3600 0281d5b002979e00
0x000000c7f6efe750:   000000c70000072c 0000b80200000000
0x000000c7f6efe760:   0000000000000000 022d74b3022073b3
0x000000c7f6efe770:   0290bfb300fb92b3 022057b501c5d7b4
0x000000c7f6efe780:   023bf1b6021266b5 023ee2b7020c75b7
0x000000c7f6efe790:   009702b80250f1b7 00007ffbaca2fc8c
0x000000c7f6efe7a0:   01e430b900f31ab9 022ab9b901ae79b9 

Instructions: (pc=0x00007ffbac9d3a9c)
0x00007ffbac9d3a7c:   83 17 01 00 00 48 8d 04 d5 21 00 00 00 48 03 c2
0x00007ffbac9d3a8c:   48 8d 04 c3 48 85 c0 0f 85 2e 01 00 00 49 8b cb
0x00007ffbac9d3a9c:   48 3b 8d 18 57 03 00 0f 87 f3 02 00 00 4c 39 9b
0x00007ffbac9d3aac:   48 06 00 00 0f 85 1f 1f 70 00 44 8b 97 c8 01 00 


Register to memory mapping:

RAX=0x000001ddc14a7408 is an unknown value
RBX=0x000001ddc14a7300 is an unknown value
RCX=0x0000000000000000 is an unknown value
RDX=0x0000000000000000 is an unknown value
RSP=0x000000c7f6efe6b0 is an unknown value
RBP=0x0000000000000000 is an unknown value
RSI=0x000001ddc14a78d0 is an unknown value
RDI=0x000001ddc1e5db50 is an unknown value
R8 =0x0000000000000014 is an unknown value
R9 =0x0000000000000000 is an unknown value
R10=0x0000000000000000 is an unknown value
R11=0x0000000000000000 is an unknown value
R12=0x0000000000000000 is an unknown value
R13=0x000001ddc14a37f0 is an unknown value
R14=0x00000000000cb700 is an unknown value
R15=0x0000000000000016 is an unknown value


Stack: [0x000000c7f6e00000,0x000000c7f6f00000],  sp=0x000000c7f6efe6b0,  free space=1017k
Native frames: (J=compiled Java code, j=interpreted, Vv=VM code, C=native code)

VM_Operation (0x000000c7f65ff130): Exit, mode: safepoint, requested by thread 0x000001dda3977800


---------------  P R O C E S S  ---------------

Java Threads: ( => current thread )
  0x000001ddc2aba800 JavaThread "LWJGL Timer" daemon [_thread_blocked, id=19136, stack(0x000000c7f8100000,0x000000c7f8200000)]
  0x000001ddc1290800 JavaThread "com.google.inject.internal.util.$Finalizer" daemon [_thread_blocked, id=25564, stack(0x000000c7f7a00000,0x000000c7f7b00000)]
  0x000001ddc10ee000 JavaThread "EMF Reference Cleaner" daemon [_thread_blocked, id=900, stack(0x000000c7f7900000,0x000000c7f7a00000)]
  0x000001ddbe4be000 JavaThread "Service Thread" daemon [_thread_blocked, id=16308, stack(0x000000c7f7700000,0x000000c7f7800000)]
  0x000001ddbe4ac000 JavaThread "C1 CompilerThread3" daemon [_thread_blocked, id=10464, stack(0x000000c7f7600000,0x000000c7f7700000)]
  0x000001ddbe45c800 JavaThread "C2 CompilerThread2" daemon [_thread_blocked, id=9804, stack(0x000000c7f7500000,0x000000c7f7600000)]
  0x000001ddbe458800 JavaThread "C2 CompilerThread1" daemon [_thread_blocked, id=14116, stack(0x000000c7f7400000,0x000000c7f7500000)]
  0x000001ddbe45f000 JavaThread "C2 CompilerThread0" daemon [_thread_blocked, id=9560, stack(0x000000c7f7300000,0x000000c7f7400000)]
  0x000001ddbe44b000 JavaThread "Attach Listener" daemon [_thread_blocked, id=26612, stack(0x000000c7f7200000,0x000000c7f7300000)]
  0x000001ddbe44a000 JavaThread "Signal Dispatcher" daemon [_thread_blocked, id=25116, stack(0x000000c7f7100000,0x000000c7f7200000)]
  0x000001ddbe420000 JavaThread "Finalizer" daemon [_thread_blocked, id=8796, stack(0x000000c7f7000000,0x000000c7f7100000)]
  0x000001ddbe419000 JavaThread "Reference Handler" daemon [_thread_blocked, id=10360, stack(0x000000c7f6f00000,0x000000c7f7000000)]
  0x000001dda3977800 JavaThread "main" [_thread_blocked, id=14716, stack(0x000000c7f6500000,0x000000c7f6600000)]

Other Threads:
=>0x000001ddbe3ee800 VMThread [stack: 0x000000c7f6e00000,0x000000c7f6f00000] [id=14516]

VM state:at safepoint (shutting down)

VM Mutex/Monitor currently owned by a thread:  ([mutex/lock_event])
[0x000001dda3975400] Threads_lock - owner thread: 0x000001ddbe3ee800

heap address: 0x00000006c4c00000, size: 4020 MB, Compressed Oops mode: Zero based, Oop shift amount: 3
Narrow klass base: 0x0000000000000000, Narrow klass shift: 3
Compressed class space size: 1073741824 Address: 0x00000007c0000000

Heap:
 PSYoungGen      total 287744K, used 166035K [0x000000076c400000, 0x000000077e680000, 0x00000007c0000000)
  eden space 279040K, 59% used [0x000000076c400000,0x00000007765dcc28,0x000000077d480000)
  from space 8704K, 3% used [0x000000077de00000,0x000000077de48000,0x000000077e680000)
  to   space 9216K, 0% used [0x000000077d480000,0x000000077d480000,0x000000077dd80000)
 ParOldGen       total 128000K, used 19243K [0x00000006c4c00000, 0x00000006cc900000, 0x000000076c400000)
  object space 128000K, 15% used [0x00000006c4c00000,0x00000006c5ecafb8,0x00000006cc900000)
 Metaspace       used 24884K, capacity 25257K, committed 25344K, reserved 1071104K
  class space    used 2933K, capacity 3051K, committed 3072K, reserved 1048576K

Card table byte_map: [0x000001ddb4720000,0x000001ddb4f00000] byte_map_base: 0x000001ddb10fa000

Marking Bits: (ParMarkBitMap*) 0x0000000076fef7f0
 Begin Bits: [0x000001ddb5440000, 0x000001ddb9310000)
 End Bits:   [0x000001ddb9310000, 0x000001ddbd1e0000)

Polling page: 0x000001dda3b00000

CodeCache: size=245760Kb used=15689Kb max_used=16700Kb free=230070Kb
 bounds [0x000001dda5360000, 0x000001dda6420000, 0x000001ddb4360000]
 total_blobs=4898 nmethods=4300 adapters=509
 compilation: enabled

Compilation events (10 events):
Event: 29.219 Thread 0x000001ddbe4ac000 nmethod 5019 0x000001dda5c40a10 code [0x000001dda5c40bc0, 0x000001dda5c41150]
Event: 29.219 Thread 0x000001ddbe4ac000 5021       1       java.io.OutputStream::flush (1 bytes)
Event: 29.219 Thread 0x000001ddbe4ac000 nmethod 5021 0x000001dda5985b50 code [0x000001dda5985ca0, 0x000001dda5985db8]
Event: 29.219 Thread 0x000001ddbe4ac000 5016   !   3       java.io.PrintStream::write (83 bytes)
Event: 29.219 Thread 0x000001ddbe4ac000 nmethod 5016 0x000001dda5d43c50 code [0x000001dda5d43e80, 0x000001dda5d44a50]
Event: 29.219 Thread 0x000001ddbe4ac000 5017   !   3       java.io.PrintStream::newLine (73 bytes)
Event: 29.220 Thread 0x000001ddbe4ac000 nmethod 5017 0x000001dda5dfba10 code [0x000001dda5dfbc20, 0x000001dda5dfc660]
Event: 29.220 Thread 0x000001ddbe4ac000 5018       3       java.io.BufferedWriter::newLine (9 bytes)
Event: 29.220 Thread 0x000001ddbe4ac000 nmethod 5018 0x000001dda57a2650 code [0x000001dda57a27c0, 0x000001dda57a2b30]
Event: 29.224 Thread 0x000001ddbe45c800 nmethod 5020 0x000001dda54ab550 code [0x000001dda54ab6a0, 0x000001dda54abb78]

GC Heap History (10 events):
Event: 25.560 GC heap before
{Heap before GC invocations=25 (full 1):
 PSYoungGen      total 270848K, used 258400K [0x000000076c400000, 0x000000077e180000, 0x00000007c0000000)
  eden space 258048K, 100% used [0x000000076c400000,0x000000077c000000,0x000000077c000000)
  from space 12800K, 2% used [0x000000077c000000,0x000000077c058000,0x000000077cc80000)
  to   space 12288K, 0% used [0x000000077d580000,0x000000077d580000,0x000000077e180000)
 ParOldGen       total 128000K, used 18987K [0x00000006c4c00000, 0x00000006cc900000, 0x000000076c400000)
  object space 128000K, 14% used [0x00000006c4c00000,0x00000006c5e8afb8,0x00000006cc900000)
 Metaspace       used 24840K, capacity 25193K, committed 25344K, reserved 1071104K
  class space    used 2928K, capacity 3051K, committed 3072K, reserved 1048576K
Event: 25.562 GC heap after
Heap after GC invocations=25 (full 1):
 PSYoungGen      total 275968K, used 352K [0x000000076c400000, 0x000000077de80000, 0x00000007c0000000)
  eden space 266752K, 0% used [0x000000076c400000,0x000000076c400000,0x000000077c880000)
  from space 9216K, 3% used [0x000000077d580000,0x000000077d5d8000,0x000000077de80000)
  to   space 11264K, 0% used [0x000000077c880000,0x000000077c880000,0x000000077d380000)
 ParOldGen       total 128000K, used 19043K [0x00000006c4c00000, 0x00000006cc900000, 0x000000076c400000)
  object space 128000K, 14% used [0x00000006c4c00000,0x00000006c5e98fb8,0x00000006cc900000)
 Metaspace       used 24840K, capacity 25193K, committed 25344K, reserved 1071104K
  class space    used 2928K, capacity 3051K, committed 3072K, reserved 1048576K
}
Event: 26.408 GC heap before
{Heap before GC invocations=26 (full 1):
 PSYoungGen      total 275968K, used 267104K [0x000000076c400000, 0x000000077de80000, 0x00000007c0000000)
  eden space 266752K, 100% used [0x000000076c400000,0x000000077c880000,0x000000077c880000)
  from space 9216K, 3% used [0x000000077d580000,0x000000077d5d8000,0x000000077de80000)
  to   space 11264K, 0% used [0x000000077c880000,0x000000077c880000,0x000000077d380000)
 ParOldGen       total 128000K, used 19043K [0x00000006c4c00000, 0x00000006cc900000, 0x000000076c400000)
  object space 128000K, 14% used [0x00000006c4c00000,0x00000006c5e98fb8,0x00000006cc900000)
 Metaspace       used 24840K, capacity 25193K, committed 25344K, reserved 1071104K
  class space    used 2928K, capacity 3051K, committed 3072K, reserved 1048576K
Event: 26.409 GC heap after
Heap after GC invocations=26 (full 1):
 PSYoungGen      total 278016K, used 352K [0x000000076c400000, 0x000000077e400000, 0x00000007c0000000)
  eden space 266752K, 0% used [0x000000076c400000,0x000000076c400000,0x000000077c880000)
  from space 11264K, 3% used [0x000000077c880000,0x000000077c8d8000,0x000000077d380000)
  to   space 10752K, 0% used [0x000000077d980000,0x000000077d980000,0x000000077e400000)
 ParOldGen       total 128000K, used 19091K [0x00000006c4c00000, 0x00000006cc900000, 0x000000076c400000)
  object space 128000K, 14% used [0x00000006c4c00000,0x00000006c5ea4fb8,0x00000006cc900000)
 Metaspace       used 24840K, capacity 25193K, committed 25344K, reserved 1071104K
  class space    used 2928K, capacity 3051K, committed 3072K, reserved 1048576K
}
Event: 27.211 GC heap before
{Heap before GC invocations=27 (full 1):
 PSYoungGen      total 278016K, used 267104K [0x000000076c400000, 0x000000077e400000, 0x00000007c0000000)
  eden space 266752K, 100% used [0x000000076c400000,0x000000077c880000,0x000000077c880000)
  from space 11264K, 3% used [0x000000077c880000,0x000000077c8d8000,0x000000077d380000)
  to   space 10752K, 0% used [0x000000077d980000,0x000000077d980000,0x000000077e400000)
 ParOldGen       total 128000K, used 19091K [0x00000006c4c00000, 0x00000006cc900000, 0x000000076c400000)
  object space 128000K, 14% used [0x00000006c4c00000,0x00000006c5ea4fb8,0x00000006cc900000)
 Metaspace       used 24844K, capacity 25193K, committed 25344K, reserved 1071104K
  class space    used 2928K, capacity 3051K, committed 3072K, reserved 1048576K
Event: 27.212 GC heap after
Heap after GC invocations=27 (full 1):
 PSYoungGen      total 282112K, used 352K [0x000000076c400000, 0x000000077e280000, 0x00000007c0000000)
  eden space 272896K, 0% used [0x000000076c400000,0x000000076c400000,0x000000077ce80000)
  from space 9216K, 3% used [0x000000077d980000,0x000000077d9d8000,0x000000077e280000)
  to   space 10240K, 0% used [0x000000077ce80000,0x000000077ce80000,0x000000077d880000)
 ParOldGen       total 128000K, used 19139K [0x00000006c4c00000, 0x00000006cc900000, 0x000000076c400000)
  object space 128000K, 14% used [0x00000006c4c00000,0x00000006c5eb0fb8,0x00000006cc900000)
 Metaspace       used 24844K, capacity 25193K, committed 25344K, reserved 1071104K
  class space    used 2928K, capacity 3051K, committed 3072K, reserved 1048576K
}
Event: 28.011 GC heap before
{Heap before GC invocations=28 (full 1):
 PSYoungGen      total 282112K, used 273248K [0x000000076c400000, 0x000000077e280000, 0x00000007c0000000)
  eden space 272896K, 100% used [0x000000076c400000,0x000000077ce80000,0x000000077ce80000)
  from space 9216K, 3% used [0x000000077d980000,0x000000077d9d8000,0x000000077e280000)
  to   space 10240K, 0% used [0x000000077ce80000,0x000000077ce80000,0x000000077d880000)
 ParOldGen       total 128000K, used 19139K [0x00000006c4c00000, 0x00000006cc900000, 0x000000076c400000)
  object space 128000K, 14% used [0x00000006c4c00000,0x00000006c5eb0fb8,0x00000006cc900000)
 Metaspace       used 24857K, capacity 25193K, committed 25344K, reserved 1071104K
  class space    used 2928K, capacity 3051K, committed 3072K, reserved 1048576K
Event: 28.012 GC heap after
Heap after GC invocations=28 (full 1):
 PSYoungGen      total 283136K, used 352K [0x000000076c400000, 0x000000077e780000, 0x00000007c0000000)
  eden space 272896K, 0% used [0x000000076c400000,0x000000076c400000,0x000000077ce80000)
  from space 10240K, 3% used [0x000000077ce80000,0x000000077ced8000,0x000000077d880000)
  to   space 9728K, 0% used [0x000000077de00000,0x000000077de00000,0x000000077e780000)
 ParOldGen       total 128000K, used 19195K [0x00000006c4c00000, 0x00000006cc900000, 0x000000076c400000)
  object space 128000K, 14% used [0x00000006c4c00000,0x00000006c5ebefb8,0x00000006cc900000)
 Metaspace       used 24857K, capacity 25193K, committed 25344K, reserved 1071104K
  class space    used 2928K, capacity 3051K, committed 3072K, reserved 1048576K
}
Event: 28.779 GC heap before
{Heap before GC invocations=29 (full 1):
 PSYoungGen      total 283136K, used 273248K [0x000000076c400000, 0x000000077e780000, 0x00000007c0000000)
  eden space 272896K, 100% used [0x000000076c400000,0x000000077ce80000,0x000000077ce80000)
  from space 10240K, 3% used [0x000000077ce80000,0x000000077ced8000,0x000000077d880000)
  to   space 9728K, 0% used [0x000000077de00000,0x000000077de00000,0x000000077e780000)
 ParOldGen       total 128000K, used 19195K [0x00000006c4c00000, 0x00000006cc900000, 0x000000076c400000)
  object space 128000K, 14% used [0x00000006c4c00000,0x00000006c5ebefb8,0x00000006cc900000)
 Metaspace       used 24857K, capacity 25193K, committed 25344K, reserved 1071104K
  class space    used 2928K, capacity 3051K, committed 3072K, reserved 1048576K
Event: 28.780 GC heap after
Heap after GC invocations=29 (full 1):
 PSYoungGen      total 287744K, used 288K [0x000000076c400000, 0x000000077e680000, 0x00000007c0000000)
  eden space 279040K, 0% used [0x000000076c400000,0x000000076c400000,0x000000077d480000)
  from space 8704K, 3% used [0x000000077de00000,0x000000077de48000,0x000000077e680000)
  to   space 9216K, 0% used [0x000000077d480000,0x000000077d480000,0x000000077dd80000)
 ParOldGen       total 128000K, used 19243K [0x00000006c4c00000, 0x00000006cc900000, 0x000000076c400000)
  object space 128000K, 15% used [0x00000006c4c00000,0x00000006c5ecafb8,0x00000006cc900000)
 Metaspace       used 24857K, capacity 25193K, committed 25344K, reserved 1071104K
  class space    used 2928K, capacity 3051K, committed 3072K, reserved 1048576K
}

Deoptimization events (10 events):
Event: 29.208 Thread 0x000001ddc135c800 Uncommon trap: reason=class_check action=maybe_recompile pc=0x000001dda61bd9d4 method=org.uqbar.project.wollok.interpreter.WollokInterpreter.eval(Lorg/eclipse/emf/ecore/EObject;)Lorg/uqbar/project/wollok/interpreter/core/WollokObject; @ 79
Event: 29.208 Thread 0x000001ddc135c800 Uncommon trap: reason=class_check action=maybe_recompile pc=0x000001dda61bd9d4 method=org.uqbar.project.wollok.interpreter.WollokInterpreter.eval(Lorg/eclipse/emf/ecore/EObject;)Lorg/uqbar/project/wollok/interpreter/core/WollokObject; @ 79
Event: 29.208 Thread 0x000001ddc135c800 Uncommon trap: reason=class_check action=maybe_recompile pc=0x000001dda61bd9d4 method=org.uqbar.project.wollok.interpreter.WollokInterpreter.eval(Lorg/eclipse/emf/ecore/EObject;)Lorg/uqbar/project/wollok/interpreter/core/WollokObject; @ 79
Event: 29.208 Thread 0x000001ddc135c800 Uncommon trap: reason=class_check action=maybe_recompile pc=0x000001dda61bd9d4 method=org.uqbar.project.wollok.interpreter.WollokInterpreter.eval(Lorg/eclipse/emf/ecore/EObject;)Lorg/uqbar/project/wollok/interpreter/core/WollokObject; @ 79
Event: 29.208 Thread 0x000001ddc135c800 Uncommon trap: reason=class_check action=maybe_recompile pc=0x000001dda629e7a4 method=org.uqbar.project.wollok.interpreter.threads.WThread.performOnStack(Lorg/eclipse/emf/ecore/EObject;Lorg/uqbar/project/wollok/interpreter/context/EvaluationContext;Lorg/e
Event: 29.208 Thread 0x000001ddc135c800 Uncommon trap: reason=class_check action=maybe_recompile pc=0x000001dda61bd9d4 method=org.uqbar.project.wollok.interpreter.WollokInterpreter.eval(Lorg/eclipse/emf/ecore/EObject;)Lorg/uqbar/project/wollok/interpreter/core/WollokObject; @ 79
Event: 29.208 Thread 0x000001ddc135c800 Uncommon trap: reason=class_check action=maybe_recompile pc=0x000001dda61bd9d4 method=org.uqbar.project.wollok.interpreter.WollokInterpreter.eval(Lorg/eclipse/emf/ecore/EObject;)Lorg/uqbar/project/wollok/interpreter/core/WollokObject; @ 79
Event: 29.208 Thread 0x000001ddc135c800 Uncommon trap: reason=class_check action=maybe_recompile pc=0x000001dda61bd9d4 method=org.uqbar.project.wollok.interpreter.WollokInterpreter.eval(Lorg/eclipse/emf/ecore/EObject;)Lorg/uqbar/project/wollok/interpreter/core/WollokObject; @ 79
Event: 29.208 Thread 0x000001ddc135c800 Uncommon trap: reason=class_check action=maybe_recompile pc=0x000001dda629e7a4 method=org.uqbar.project.wollok.interpreter.threads.WThread.performOnStack(Lorg/eclipse/emf/ecore/EObject;Lorg/uqbar/project/wollok/interpreter/context/EvaluationContext;Lorg/e
Event: 29.217 Thread 0x000001ddc135c800 Uncommon trap: reason=unstable_if action=reinterpret pc=0x000001dda61b9ae4 method=java.util.HashMap$HashIterator.<init>(Ljava/util/HashMap;)V @ 45

Classes redefined (0 events):
No events

Internal exceptions (10 events):
Event: 2.561 Thread 0x000001dda3977800 Exception <a 'java/security/PrivilegedActionException'> (0x000000076d2a7280) thrown at [J:\jenkins\tmp\workspace\build\src\hotspot\src\share\vm\prims\jvm.cpp, line 1514]
Event: 2.561 Thread 0x000001dda3977800 Exception <a 'java/security/PrivilegedActionException'> (0x000000076d2a8940) thrown at [J:\jenkins\tmp\workspace\build\src\hotspot\src\share\vm\prims\jvm.cpp, line 1514]
Event: 2.561 Thread 0x000001dda3977800 Exception <a 'java/security/PrivilegedActionException'> (0x000000076d2a9d38) thrown at [J:\jenkins\tmp\workspace\build\src\hotspot\src\share\vm\prims\jvm.cpp, line 1514]
Event: 2.561 Thread 0x000001dda3977800 Exception <a 'java/security/PrivilegedActionException'> (0x000000076d2ab100) thrown at [J:\jenkins\tmp\workspace\build\src\hotspot\src\share\vm\prims\jvm.cpp, line 1514]
Event: 3.144 Thread 0x000001ddc135c800 Exception <a 'java/io/FileNotFoundException'> (0x000000076dde5338) thrown at [J:\jenkins\tmp\workspace\build\src\hotspot\src\share\vm\prims\jni.cpp, line 709]
Event: 15.980 Thread 0x000001ddc135c800 Implicit null exception at 0x000001dda6074534 to 0x000001dda607a0e9
Event: 16.837 Thread 0x000001ddc135c800 Implicit null exception at 0x000001dda62b7251 to 0x000001dda62b7cc9
Event: 16.840 Thread 0x000001ddc135c800 Implicit null exception at 0x000001dda62ab9e8 to 0x000001dda62ad59d
Event: 29.193 Thread 0x000001ddc135c800 Implicit null exception at 0x000001dda638d29c to 0x000001dda638f15d
Event: 29.193 Thread 0x000001ddc135c800 Implicit null exception at 0x000001dda63845e4 to 0x000001dda6386641

Events (10 events):
Event: 29.219 Thread 0x000001ddc135c800 Thread exited: 0x000001ddc135c800
Event: 29.219 loading class org/uqbar/project/wollok/interpreter/WollokInterpreter$3
Event: 29.219 loading class org/uqbar/project/wollok/interpreter/WollokInterpreter$3 done
Event: 29.220 loading class java/util/IdentityHashMap$KeyIterator
Event: 29.220 loading class java/util/IdentityHashMap$KeyIterator done
Event: 29.220 Thread 0x000001ddc135c800 Thread added: 0x000001ddc135c800
Event: 29.220 Thread 0x000001ddc1767800 Thread added: 0x000001ddc1767800
Event: 29.221 Thread 0x000001ddc1767800 Thread exited: 0x000001ddc1767800
Event: 29.226 Thread 0x000001ddc135c800 Thread exited: 0x000001ddc135c800
Event: 29.226 Executing VM operation: Exit


Dynamic libraries:
0x00007ff7aaf30000 - 0x00007ff7aaf75000 	C:\Program Files\Eclipse Adoptium\jdk-8.0.362.9-hotspot\bin\javaw.exe
0x00007ffc50670000 - 0x00007ffc50884000 	C:\WINDOWS\SYSTEM32\ntdll.dll
0x00007ffc4f2b0000 - 0x00007ffc4f372000 	C:\WINDOWS\System32\KERNEL32.DLL
0x00007ffc4dc60000 - 0x00007ffc4e003000 	C:\WINDOWS\System32\KERNELBASE.dll
0x00007ffc4e740000 - 0x00007ffc4e7ee000 	C:\WINDOWS\System32\ADVAPI32.dll
0x00007ffc4f380000 - 0x00007ffc4f427000 	C:\WINDOWS\System32\msvcrt.dll
0x00007ffc4feb0000 - 0x00007ffc4ff54000 	C:\WINDOWS\System32\sechost.dll
0x00007ffc504e0000 - 0x00007ffc505f7000 	C:\WINDOWS\System32\RPCRT4.dll
0x00007ffc4f9c0000 - 0x00007ffc4fb6b000 	C:\WINDOWS\System32\USER32.dll
0x00007ffc4dc30000 - 0x00007ffc4dc56000 	C:\WINDOWS\System32\win32u.dll
0x00007ffc4e7f0000 - 0x00007ffc4e819000 	C:\WINDOWS\System32\GDI32.dll
0x00007ffc4e080000 - 0x00007ffc4e199000 	C:\WINDOWS\System32\gdi32full.dll
0x00007ffc4e1a0000 - 0x00007ffc4e23a000 	C:\WINDOWS\System32\msvcp_win.dll
0x00007ffc4e240000 - 0x00007ffc4e351000 	C:\WINDOWS\System32\ucrtbase.dll
0x00007ffc34920000 - 0x00007ffc34bae000 	C:\WINDOWS\WinSxS\amd64_microsoft.windows.common-controls_6595b64144ccf1df_6.0.22621.1635_none_270f70857386168e\COMCTL32.dll
0x00007ffc4f950000 - 0x00007ffc4f981000 	C:\WINDOWS\System32\IMM32.DLL
0x00007ffc39d00000 - 0x00007ffc39d15000 	C:\Program Files\Eclipse Adoptium\jdk-8.0.362.9-hotspot\jre\bin\vcruntime140.dll
0x00007ffc277d0000 - 0x00007ffc2786b000 	C:\Program Files\Eclipse Adoptium\jdk-8.0.362.9-hotspot\jre\bin\msvcp140.dll
0x0000000076810000 - 0x0000000077068000 	C:\Program Files\Eclipse Adoptium\jdk-8.0.362.9-hotspot\jre\bin\server\jvm.dll
0x00007ffc503f0000 - 0x00007ffc503f8000 	C:\WINDOWS\System32\PSAPI.DLL
0x00007ffc432f0000 - 0x00007ffc432fa000 	C:\WINDOWS\SYSTEM32\VERSION.dll
0x00007ffc38650000 - 0x00007ffc38684000 	C:\WINDOWS\SYSTEM32\WINMM.dll
0x00007ffc48080000 - 0x00007ffc48089000 	C:\WINDOWS\SYSTEM32\WSOCK32.dll
0x00007ffc4f440000 - 0x00007ffc4f4b1000 	C:\WINDOWS\System32\WS2_32.dll
0x00007ffc4cb60000 - 0x00007ffc4cb78000 	C:\WINDOWS\SYSTEM32\kernel.appcore.dll
0x00007ffc39ec0000 - 0x00007ffc39ed0000 	C:\Program Files\Eclipse Adoptium\jdk-8.0.362.9-hotspot\jre\bin\verify.dll
0x00007ffc39910000 - 0x00007ffc3993b000 	C:\Program Files\Eclipse Adoptium\jdk-8.0.362.9-hotspot\jre\bin\java.dll
0x00007ffc39ce0000 - 0x00007ffc39cf8000 	C:\Program Files\Eclipse Adoptium\jdk-8.0.362.9-hotspot\jre\bin\zip.dll
0x00007ffc4eab0000 - 0x00007ffc4f2aa000 	C:\WINDOWS\System32\SHELL32.dll
0x00007ffc4ba00000 - 0x00007ffc4c2ce000 	C:\WINDOWS\SYSTEM32\windows.storage.dll
0x00007ffc4ff60000 - 0x00007ffc502e9000 	C:\WINDOWS\System32\combase.dll
0x00007ffc4b8c0000 - 0x00007ffc4b9fe000 	C:\WINDOWS\SYSTEM32\wintypes.dll
0x00007ffc4e640000 - 0x00007ffc4e731000 	C:\WINDOWS\System32\SHCORE.dll
0x00007ffc4e5c0000 - 0x00007ffc4e61e000 	C:\WINDOWS\System32\shlwapi.dll
0x00007ffc4d970000 - 0x00007ffc4d991000 	C:\WINDOWS\SYSTEM32\profapi.dll
0x0000000065580000 - 0x0000000065616000 	C:\Users\vhba0\AppData\Local\Temp\libgdxvhba0\12dfaa03\gdx64.dll
0x00007ffc4d250000 - 0x00007ffc4d26b000 	C:\WINDOWS\SYSTEM32\CRYPTSP.dll
0x00007ffc4cad0000 - 0x00007ffc4cb05000 	C:\WINDOWS\system32\rsaenh.dll
0x00007ffc4d0f0000 - 0x00007ffc4d118000 	C:\WINDOWS\SYSTEM32\USERENV.dll
0x00007ffc4d3f0000 - 0x00007ffc4d418000 	C:\WINDOWS\SYSTEM32\bcrypt.dll
0x00007ffc4da40000 - 0x00007ffc4dabb000 	C:\WINDOWS\System32\bcryptprimitives.dll
0x00007ffc4d270000 - 0x00007ffc4d27c000 	C:\WINDOWS\SYSTEM32\CRYPTBASE.dll
0x00007ffc39c80000 - 0x00007ffc39c9c000 	C:\Program Files\Eclipse Adoptium\jdk-8.0.362.9-hotspot\jre\bin\net.dll
0x00007ffc4cff0000 - 0x00007ffc4d059000 	C:\WINDOWS\system32\mswsock.dll
0x00007ffc4c5a0000 - 0x00007ffc4c5cd000 	C:\WINDOWS\SYSTEM32\IPHLPAPI.DLL
0x00007ffc4f430000 - 0x00007ffc4f439000 	C:\WINDOWS\System32\NSI.dll
0x00007ffc448a0000 - 0x00007ffc448b9000 	C:\WINDOWS\SYSTEM32\dhcpcsvc6.DLL
0x00007ffc44880000 - 0x00007ffc4489f000 	C:\WINDOWS\SYSTEM32\dhcpcsvc.DLL
0x00007ffc4c5e0000 - 0x00007ffc4c6d3000 	C:\WINDOWS\SYSTEM32\DNSAPI.dll
0x00007ffc398f0000 - 0x00007ffc39903000 	C:\Program Files\Eclipse Adoptium\jdk-8.0.362.9-hotspot\jre\bin\nio.dll
0x0000000180000000 - 0x0000000180053000 	C:\Users\vhba0\AppData\Local\Temp\libgdxvhba0\dc0f0009\lwjgl64.dll
0x00007ffc20ce0000 - 0x00007ffc20de0000 	C:\WINDOWS\SYSTEM32\OPENGL32.dll
0x00007ffc35f50000 - 0x00007ffc35f7d000 	C:\WINDOWS\SYSTEM32\GLU32.dll
0x00007ffc4ad60000 - 0x00007ffc4ad98000 	C:\WINDOWS\SYSTEM32\dxcore.dll
0x000001ddc4b90000 - 0x000001ddc4bf4000 	C:\Users\vhba0\AppData\Local\Temp\libgdxvhba0\dc0f0009\OpenAL64.dll
0x00007ffc4e420000 - 0x00007ffc4e5bc000 	C:\WINDOWS\System32\ole32.dll
0x00007ffc481d0000 - 0x00007ffc4827b000 	C:\WINDOWS\system32\uxtheme.dll
0x00007ffc4e8d0000 - 0x00007ffc4e980000 	C:\WINDOWS\System32\clbcatq.dll
0x00007ffc36ab0000 - 0x00007ffc36b52000 	C:\WINDOWS\SYSTEM32\dsound.dll
0x00007ffc4c940000 - 0x00007ffc4c98d000 	C:\WINDOWS\SYSTEM32\powrprof.dll
0x00007ffc34d90000 - 0x00007ffc34db9000 	C:\WINDOWS\SYSTEM32\winmmbase.dll
0x00007ffc2c900000 - 0x00007ffc2c9b1000 	C:\WINDOWS\SYSTEM32\ResampleDmo.DLL
0x00007ffc50400000 - 0x00007ffc504d7000 	C:\WINDOWS\System32\OLEAUT32.dll
0x00007ffc34bb0000 - 0x00007ffc34bbb000 	C:\WINDOWS\SYSTEM32\msdmo.dll
0x00007ffc4c910000 - 0x00007ffc4c923000 	C:\WINDOWS\SYSTEM32\UMPDC.dll
0x00007ffc3ff80000 - 0x00007ffc4001d000 	C:\WINDOWS\System32\MMDevApi.dll
0x00007ffc4d700000 - 0x00007ffc4d72c000 	C:\WINDOWS\System32\DEVOBJ.dll
0x00007ffc4d730000 - 0x00007ffc4d77e000 	C:\WINDOWS\SYSTEM32\cfgmgr32.dll
0x00007ffc37740000 - 0x00007ffc3792c000 	C:\WINDOWS\SYSTEM32\AUDIOSES.DLL
0x00007ffc4b4a0000 - 0x00007ffc4b4b5000 	C:\WINDOWS\SYSTEM32\resourcepolicyclient.dll
0x00007ffc44970000 - 0x00007ffc44a2c000 	C:\WINDOWS\SYSTEM32\mscms.dll
0x00007ffc3fac0000 - 0x00007ffc3fb0e000 	C:\Windows\System32\Windows.Internal.Graphics.Display.DisplayColorManagement.dll
0x00007ffc4e980000 - 0x00007ffc4eaa7000 	C:\WINDOWS\System32\MSCTF.dll
0x00007ffc44f10000 - 0x00007ffc44f58000 	C:\WINDOWS\SYSTEM32\directxdatabasehelper.dll
0x00007ffc44740000 - 0x00007ffc44874000 	C:\Windows\System32\AppXDeploymentClient.dll
0x00007ffbac710000 - 0x00007ffbad71b000 	C:\WINDOWS\System32\DriverStore\FileRepository\iigd_dch.inf_amd64_e04d20469f199b2b\igxelpicd64.dll
0x00007ffc48460000 - 0x00007ffc4848b000 	C:\WINDOWS\system32\dwmapi.dll
0x00007ffc48350000 - 0x00007ffc48446000 	C:\WINDOWS\system32\dxgi.dll
0x00007ffc04f00000 - 0x00007ffc051ee000 	C:\WINDOWS\System32\DriverStore\FileRepository\iigd_dch.inf_amd64_e04d20469f199b2b\igdml64.dll
0x00007ffc3ddc0000 - 0x00007ffc3e188000 	C:\WINDOWS\System32\DriverStore\FileRepository\iigd_dch.inf_amd64_e04d20469f199b2b\igdgmm64.dll
0x00007ffc35fa0000 - 0x00007ffc360cd000 	C:\WINDOWS\SYSTEM32\textinputframework.dll
0x00007ffbfcef0000 - 0x00007ffbfcf39000 	C:\WINDOWS\SYSTEM32\icm32.dll
0x00007ffc3a7b0000 - 0x00007ffc3ddb5000 	C:\WINDOWS\System32\DriverStore\FileRepository\iigd_dch.inf_amd64_e04d20469f199b2b\igc64.dll
0x00007ffc47cd0000 - 0x00007ffc47e03000 	C:\WINDOWS\SYSTEM32\CoreMessaging.dll
0x00007ffc43940000 - 0x00007ffc43cac000 	C:\WINDOWS\SYSTEM32\CoreUIComponents.dll
0x00007ffc4b230000 - 0x00007ffc4b45e000 	C:\WINDOWS\SYSTEM32\dbghelp.dll

VM Arguments:
jvm_args: -Duser.language=en_GB -Dfile.encoding=UTF-8 
java_command: org.uqbar.project.wollok.launch.WollokLauncher -requestsPort 0 -eventsPort 0 -folder -dontValidate -wf src/juego.wpgm -darkMode
java_class_path (initial): C:\Users\vhba0\git\2023s1---tp-game-wollok-team-3\bin;C:\Users\vhba0\OneDrive\Documentos\wollok\plugins\com.ibm.icu_64.2.0.v20190507-1337.jar;C:\Users\vhba0\OneDrive\Documentos\wollok\plugins\org.eclipse.xtext_2.20.0.v20191202-0915.jar;C:\Users\vhba0\OneDrive\Documentos\wollok\plugins\org.eclipse.emf.ecore.xmi_2.16.0.v20190528-0725.jar;C:\Users\vhba0\OneDrive\Documentos\wollok\plugins\org.eclipse.emf.ecore_2.20.0.v20190920-0401.jar;C:\Users\vhba0\OneDrive\Documentos\wollok\plugins\org.eclipse.emf.common_2.17.0.v20190920-0401.jar;C:\Users\vhba0\OneDrive\Documentos\wollok\plugins\org.antlr.runtime_3.2.0.v201101311130.jar;C:\Users\vhba0\OneDrive\Documentos\wollok\plugins\com.google.inject_3.0.0.v201605172100.jar;C:\Users\vhba0\OneDrive\Documentos\wollok\plugins\org.eclipse.emf.mwe.core_1.5.1.v20191121-1148.jar;C:\Users\vhba0\OneDrive\Documentos\wollok\plugins\org.apache.commons.cli_1.2.0.v201404270220.jar;C:\Users\vhba0\OneDrive\Documentos\wollok\plugins\org.eclipse.emf.mwe2.runtime_2.11.1.v20191121-1148.jar;C:\Users\vhba0\OneDrive\Documentos\wollok\plugins\org.eclipse.emf.mwe.utils_1.5.1.v20191121-1148.jar;C:\Users\vhba0\OneDrive\Documentos\wollok\plugins\org.eclipse.xtext.util_2.20.0.v20191202-0915.jar;C:\Users\vhba0\OneDrive\Documentos\wollok\plugins\com.google.guava_27.1.0.v20190517-1946.jar;C:\Users\vhba0\OneDrive\Documentos\wollok\plugins\javax.inject_1.0.0.v20091030.jar;C:\Users\vhba0\OneDrive\Documentos\wollok\plugins\org.eclipse.xtext.generator_2.20.0.v20191202-0933.jar;C:\Users\vhba0\OneDrive\Documentos\wollok\plugins\org.eclipse.xtext.xtext.generator_2.20.0.v20191202-0915.jar;C:\Users\vhba0\OneDrive\Documentos\wollok\plugins\org.eclipse.xtext.xbase.lib_2.20.0.v20191202-0907.jar;C:\Users\vhba0\OneDrive\Documentos\wollok\plugins\org.eclipse.emf.codegen.ecore_2.20.0.v20191012-0918.jar;C:\Users\vhba0\OneDrive\Documentos\wollok\plugins\org.eclipse.emf.codegen_2.19.0.v20190821-1536.jar;C:\Users\vhba0\OneDrive\Documentos\wollok\plugins\
Launcher Type: SUN_STANDARD

Environment Variables:
PATH=C:/Program Files/Java/jre-1.8/bin/server;C:/Program Files/Java/jre-1.8/bin;C:/Program Files/Java/jre-1.8/lib/amd64;C:\Program Files (x86)\Common Files\Oracle\Java\javapath;C:\Program Files\Eclipse Adoptium\jdk-8.0.362.9-hotspot\bin;C:\Windows\system32;C:\Windows;C:\Windows\System32\Wbem;C:\Windows\System32\WindowsPowerShell\v1.0\;C:\Windows\System32\OpenSSH\;C:\Program Files (x86)\NVIDIA Corporation\PhysX\Common;C:\Program Files\NVIDIA Corporation\NVIDIA NvDLISR;C:\WINDOWS\system32;C:\WINDOWS;C:\WINDOWS\System32\Wbem;C:\WINDOWS\System32\WindowsPowerShell\v1.0\;C:\WINDOWS\System32\OpenSSH\;C:\Program Files\Microsoft SQL Server\150\Tools\Binn\;C:\Program Files (x86)\dotnet\;C:\Program Files\nodejs\;C:\Program Files\Microsoft SQL Server\130\Tools\Binn\;C:\Program Files\Microsoft SQL Server\Client SDK\ODBC\170\Tools\Binn\;C:\Program Files\Git\cmd;C:\Users\vhba0\AppData\Local\Microsoft\WindowsApps;C:\Users\vhba0\AppData\Local\Programs\Microsoft VS Code\bin;C:\Users\vhba0\AppData\Roaming\npm;C:\msys64\mingw64\bin;;C:\Users\vhba0\OneDrive\Documentos\wollok;
USERNAME=vhba0
OS=Windows_NT
PROCESSOR_IDENTIFIER=Intel64 Family 6 Model 140 Stepping 1, GenuineIntel



---------------  S Y S T E M  ---------------

OS: Windows 11 , 64 bit Build 22621 (10.0.22621.1778)

CPU:total 8 (initial active 8) (4 cores per cpu, 2 threads per core) family 6 model 140 stepping 1, cmov, cx8, fxsr, mmx, sse, sse2, sse3, ssse3, sse4.1, sse4.2, popcnt, avx, avx2, aes, clmul, erms, 3dnowpref, lzcnt, ht, tsc, tscinvbit, bmi1, bmi2, adx

Memory: 4k page, physical 16461228k(6159360k free), swap 19291240k(3444124k free)

vm_info: OpenJDK 64-Bit Server VM (25.362-b09) for windows-amd64 JRE (1.8.0_362-b09), built on Jan 18 2023 17:11:58 by "jenkins" with MS VC++ 15.9 (VS2017)

time: Fri Jun 23 19:49:46 2023
timezone: Argentina Standard Time
elapsed time: 29.256467 seconds (0d 0h 0m 29s)

