#
# A fatal error has been detected by the Java Runtime Environment:
#
#  EXCEPTION_ACCESS_VIOLATION (0xc0000005) at pc=0x00007ffbac9d3a9c, pid=1104, tid=0x0000000000001890
#
# JRE version: OpenJDK Runtime Environment (8.0_362-b09) (build 1.8.0_362-b09)
# Java VM: OpenJDK 64-Bit Server VM (25.362-b09 mixed mode windows-amd64 compressed oops)
# Problematic frame:
# C  [igxelpicd64.dll+0x2c3a9c]
#
# Failed to write core dump. Minidumps are not enabled by default on client versions of Windows
#
# If you would like to submit a bug report, please visit:
#   https://github.com/adoptium/adoptium-support/issues
#

---------------  T H R E A D  ---------------

Current thread (0x0000017afe3ef800):  VMThread [stack: 0x00000069f2400000,0x00000069f2500000] [id=6288]

siginfo: ExceptionCode=0xc0000005, reading address 0x0000000000035718

Registers:
RAX=0x0000017a927fb858, RBX=0x0000017a927fb750, RCX=0x0000000000000000, RDX=0x0000000000000000
RSP=0x00000069f24fe860, RBP=0x0000000000000000, RSI=0x0000017a927fbd20, RDI=0x0000017a90485810
R8 =0x0000000000000014, R9 =0x0000000000000000, R10=0x0000000000000000, R11=0x0000000000000000
R12=0x0000000000000000, R13=0x0000017a92d6b490, R14=0x000000000003fc00, R15=0x0000000000000016
RIP=0x00007ffbac9d3a9c, EFLAGS=0x0000000000010202

Top of Stack: (sp=0x00000069f24fe860)
0x00000069f24fe860:   0000017a8fb19990 0000000000000000
0x00000069f24fe870:   00a644a6028e15a6 00007ffc50712c94
0x00000069f24fe880:   0239b8a700a836a7 0133c2a700adb8a7
0x00000069f24fe890:   01d8fda7023ee2a7 01c5b3a8023096a8
0x00000069f24fe8a0:   0000017a9316d5e0 000000000003fc58
0x00000069f24fe8b0:   0000000000000000 0000000000000014
0x00000069f24fe8c0:   0000000000000000 0000000000000000
0x00000069f24fe8d0:   00000069f24fe9e0 00007ffbac9adffc
0x00000069f24fe8e0:   0000017a8fb19990 0000017a90485810
0x00000069f24fe8f0:   01dd77b001cb3600 0281d5b002979e00
0x00000069f24fe900:   000000690000072c 0000b802001a0000
0x00000069f24fe910:   0000000000000000 022d74b3022073b3
0x00000069f24fe920:   0290bfb300fb92b3 022057b501c5d7b4
0x00000069f24fe930:   023bf1b6021266b5 023ee2b7020c75b7
0x00000069f24fe940:   009702b80250f1b7 00007ffbaca2fc8c
0x00000069f24fe950:   01e430b900f31ab9 022ab9b901ae79b9 

Instructions: (pc=0x00007ffbac9d3a9c)
0x00007ffbac9d3a7c:   83 17 01 00 00 48 8d 04 d5 21 00 00 00 48 03 c2
0x00007ffbac9d3a8c:   48 8d 04 c3 48 85 c0 0f 85 2e 01 00 00 49 8b cb
0x00007ffbac9d3a9c:   48 3b 8d 18 57 03 00 0f 87 f3 02 00 00 4c 39 9b
0x00007ffbac9d3aac:   48 06 00 00 0f 85 1f 1f 70 00 44 8b 97 c8 01 00 


Register to memory mapping:

RAX=0x0000017a927fb858 is an unknown value
RBX=0x0000017a927fb750 is an unknown value
RCX=0x0000000000000000 is an unknown value
RDX=0x0000000000000000 is an unknown value
RSP=0x00000069f24fe860 is an unknown value
RBP=0x0000000000000000 is an unknown value
RSI=0x0000017a927fbd20 is an unknown value
RDI=0x0000017a90485810 is an unknown value
R8 =0x0000000000000014 is an unknown value
R9 =0x0000000000000000 is an unknown value
R10=0x0000000000000000 is an unknown value
R11=0x0000000000000000 is an unknown value
R12=0x0000000000000000 is an unknown value
R13=0x0000017a92d6b490 is an unknown value
R14=0x000000000003fc00 is an unknown value
R15=0x0000000000000016 is an unknown value


Stack: [0x00000069f2400000,0x00000069f2500000],  sp=0x00000069f24fe860,  free space=1018k
Native frames: (J=compiled Java code, j=interpreted, Vv=VM code, C=native code)

VM_Operation (0x00000069f1bff350): Exit, mode: safepoint, requested by thread 0x0000017af2938800


---------------  P R O C E S S  ---------------

Java Threads: ( => current thread )
  0x0000017a90751800 JavaThread "LWJGL Timer" daemon [_thread_blocked, id=9480, stack(0x00000069f3700000,0x00000069f3800000)]
  0x0000017a8fc91800 JavaThread "com.google.inject.internal.util.$Finalizer" daemon [_thread_blocked, id=6388, stack(0x00000069f3000000,0x00000069f3100000)]
  0x0000017a8fcfc000 JavaThread "EMF Reference Cleaner" daemon [_thread_blocked, id=23524, stack(0x00000069f2f00000,0x00000069f3000000)]
  0x0000017a8f360800 JavaThread "Service Thread" daemon [_thread_blocked, id=26320, stack(0x00000069f2d00000,0x00000069f2e00000)]
  0x0000017afe45c000 JavaThread "C1 CompilerThread3" daemon [_thread_blocked, id=21132, stack(0x00000069f2c00000,0x00000069f2d00000)]
  0x0000017afe487800 JavaThread "C2 CompilerThread2" daemon [_thread_blocked, id=9432, stack(0x00000069f2b00000,0x00000069f2c00000)]
  0x0000017afe45b800 JavaThread "C2 CompilerThread1" daemon [_thread_blocked, id=17452, stack(0x00000069f2a00000,0x00000069f2b00000)]
  0x0000017afe458000 JavaThread "C2 CompilerThread0" daemon [_thread_blocked, id=16040, stack(0x00000069f2900000,0x00000069f2a00000)]
  0x0000017afe451800 JavaThread "Attach Listener" daemon [_thread_blocked, id=22572, stack(0x00000069f2800000,0x00000069f2900000)]
  0x0000017afe451000 JavaThread "Signal Dispatcher" daemon [_thread_blocked, id=9004, stack(0x00000069f2700000,0x00000069f2800000)]
  0x0000017afe420000 JavaThread "Finalizer" daemon [_thread_blocked, id=26516, stack(0x00000069f2600000,0x00000069f2700000)]
  0x0000017afe418800 JavaThread "Reference Handler" daemon [_thread_blocked, id=19552, stack(0x00000069f2500000,0x00000069f2600000)]
  0x0000017af2938800 JavaThread "main" [_thread_blocked, id=7292, stack(0x00000069f1b00000,0x00000069f1c00000)]

Other Threads:
=>0x0000017afe3ef800 VMThread [stack: 0x00000069f2400000,0x00000069f2500000] [id=6288]

VM state:at safepoint (shutting down)

VM Mutex/Monitor currently owned by a thread:  ([mutex/lock_event])
[0x0000017af2935930] Threads_lock - owner thread: 0x0000017afe3ef800

heap address: 0x00000006c4c00000, size: 4020 MB, Compressed Oops mode: Zero based, Oop shift amount: 3
Narrow klass base: 0x0000000000000000, Narrow klass shift: 3
Compressed class space size: 1073741824 Address: 0x00000007c0000000

Heap:
 PSYoungGen      total 327168K, used 153749K [0x000000076c400000, 0x0000000780700000, 0x00000007c0000000)
  eden space 324096K, 47% used [0x000000076c400000,0x0000000775a15450,0x0000000780080000)
  from space 3072K, 2% used [0x0000000780380000,0x0000000780390000,0x0000000780680000)
  to   space 3072K, 0% used [0x0000000780080000,0x0000000780080000,0x0000000780380000)
 ParOldGen       total 129024K, used 19821K [0x00000006c4c00000, 0x00000006cca00000, 0x000000076c400000)
  object space 129024K, 15% used [0x00000006c4c00000,0x00000006c5f5b588,0x00000006cca00000)
 Metaspace       used 24863K, capacity 25197K, committed 25344K, reserved 1071104K
  class space    used 2936K, capacity 3051K, committed 3072K, reserved 1048576K

Card table byte_map: [0x0000017af4720000,0x0000017af4f00000] byte_map_base: 0x0000017af10fa000

Marking Bits: (ParMarkBitMap*) 0x0000000076fef7f0
 Begin Bits: [0x0000017af5440000, 0x0000017af9310000)
 End Bits:   [0x0000017af9310000, 0x0000017afd1e0000)

Polling page: 0x0000017af2b30000

CodeCache: size=245760Kb used=15017Kb max_used=16705Kb free=230742Kb
 bounds [0x0000017a80000000, 0x0000017a81090000, 0x0000017a8f000000]
 total_blobs=4770 nmethods=4172 adapters=509
 compilation: enabled

Compilation events (10 events):
Event: 31.067 Thread 0x0000017afe458000 4947       4       java.nio.HeapByteBuffer::compact (85 bytes)
Event: 31.069 Thread 0x0000017afe458000 nmethod 4947 0x0000017a801efa50 code [0x0000017a801efba0, 0x0000017a801efdb8]
Event: 31.384 Thread 0x0000017afe45c000 4948       3       java.nio.HeapByteBuffer::getInt (18 bytes)
Event: 31.384 Thread 0x0000017afe45c000 nmethod 4948 0x0000017a80921e10 code [0x0000017a80922040, 0x0000017a80922a90]
Event: 31.384 Thread 0x0000017afe45c000 4949       3       java.nio.Bits::getInt (18 bytes)
Event: 31.385 Thread 0x0000017afe45c000 nmethod 4949 0x0000017a809c4010 code [0x0000017a809c4200, 0x0000017a809c4bc0]
Event: 32.313 Thread 0x0000017afe45c000 4950       1       org.lwjgl.opengl.WindowsDisplayPeerInfo::doUnlock (1 bytes)
Event: 32.313 Thread 0x0000017afe45c000 nmethod 4950 0x0000017a80620350 code [0x0000017a806204a0, 0x0000017a806205b8]
Event: 32.551 Thread 0x0000017afe45b800 4951       4       org.uqbar.project.wollok.game.listeners.ArrowListener$5::accept (9 bytes)
Event: 32.560 Thread 0x0000017afe45b800 nmethod 4951 0x0000017a809a7b10 code [0x0000017a809a7cc0, 0x0000017a809a83d8]

GC Heap History (10 events):
Event: 29.425 GC heap before
{Heap before GC invocations=43 (full 1):
 PSYoungGen      total 315392K, used 311456K [0x000000076c400000, 0x0000000780000000, 0x00000007c0000000)
  eden space 311296K, 100% used [0x000000076c400000,0x000000077f400000,0x000000077f400000)
  from space 4096K, 3% used [0x000000077f400000,0x000000077f428000,0x000000077f800000)
  to   space 4096K, 0% used [0x000000077fc00000,0x000000077fc00000,0x0000000780000000)
 ParOldGen       total 129024K, used 19749K [0x00000006c4c00000, 0x00000006cca00000, 0x000000076c400000)
  object space 129024K, 15% used [0x00000006c4c00000,0x00000006c5f49588,0x00000006cca00000)
 Metaspace       used 24851K, capacity 25197K, committed 25344K, reserved 1071104K
  class space    used 2934K, capacity 3051K, committed 3072K, reserved 1048576K
Event: 29.426 GC heap after
Heap after GC invocations=43 (full 1):
 PSYoungGen      total 319488K, used 160K [0x000000076c400000, 0x000000077ff80000, 0x00000007c0000000)
  eden space 315904K, 0% used [0x000000076c400000,0x000000076c400000,0x000000077f880000)
  from space 3584K, 4% used [0x000000077fc00000,0x000000077fc28000,0x000000077ff80000)
  to   space 3584K, 0% used [0x000000077f880000,0x000000077f880000,0x000000077fc00000)
 ParOldGen       total 129024K, used 19749K [0x00000006c4c00000, 0x00000006cca00000, 0x000000076c400000)
  object space 129024K, 15% used [0x00000006c4c00000,0x00000006c5f49588,0x00000006cca00000)
 Metaspace       used 24851K, capacity 25197K, committed 25344K, reserved 1071104K
  class space    used 2934K, capacity 3051K, committed 3072K, reserved 1048576K
}
Event: 30.227 GC heap before
{Heap before GC invocations=44 (full 1):
 PSYoungGen      total 319488K, used 316064K [0x000000076c400000, 0x000000077ff80000, 0x00000007c0000000)
  eden space 315904K, 100% used [0x000000076c400000,0x000000077f880000,0x000000077f880000)
  from space 3584K, 4% used [0x000000077fc00000,0x000000077fc28000,0x000000077ff80000)
  to   space 3584K, 0% used [0x000000077f880000,0x000000077f880000,0x000000077fc00000)
 ParOldGen       total 129024K, used 19749K [0x00000006c4c00000, 0x00000006cca00000, 0x000000076c400000)
  object space 129024K, 15% used [0x00000006c4c00000,0x00000006c5f49588,0x00000006cca00000)
 Metaspace       used 24851K, capacity 25197K, committed 25344K, reserved 1071104K
  class space    used 2934K, capacity 3051K, committed 3072K, reserved 1048576K
Event: 30.229 GC heap after
Heap after GC invocations=44 (full 1):
 PSYoungGen      total 319488K, used 192K [0x000000076c400000, 0x0000000780400000, 0x00000007c0000000)
  eden space 315904K, 0% used [0x000000076c400000,0x000000076c400000,0x000000077f880000)
  from space 3584K, 5% used [0x000000077f880000,0x000000077f8b0000,0x000000077fc00000)
  to   space 3584K, 0% used [0x0000000780080000,0x0000000780080000,0x0000000780400000)
 ParOldGen       total 129024K, used 19749K [0x00000006c4c00000, 0x00000006cca00000, 0x000000076c400000)
  object space 129024K, 15% used [0x00000006c4c00000,0x00000006c5f49588,0x00000006cca00000)
 Metaspace       used 24851K, capacity 25197K, committed 25344K, reserved 1071104K
  class space    used 2934K, capacity 3051K, committed 3072K, reserved 1048576K
}
Event: 31.024 GC heap before
{Heap before GC invocations=45 (full 1):
 PSYoungGen      total 319488K, used 316096K [0x000000076c400000, 0x0000000780400000, 0x00000007c0000000)
  eden space 315904K, 100% used [0x000000076c400000,0x000000077f880000,0x000000077f880000)
  from space 3584K, 5% used [0x000000077f880000,0x000000077f8b0000,0x000000077fc00000)
  to   space 3584K, 0% used [0x0000000780080000,0x0000000780080000,0x0000000780400000)
 ParOldGen       total 129024K, used 19749K [0x00000006c4c00000, 0x00000006cca00000, 0x000000076c400000)
  object space 129024K, 15% used [0x00000006c4c00000,0x00000006c5f49588,0x00000006cca00000)
 Metaspace       used 24852K, capacity 25197K, committed 25344K, reserved 1071104K
  class space    used 2934K, capacity 3051K, committed 3072K, reserved 1048576K
Event: 31.025 GC heap after
Heap after GC invocations=45 (full 1):
 PSYoungGen      total 322048K, used 192K [0x000000076c400000, 0x0000000780280000, 0x00000007c0000000)
  eden space 320000K, 0% used [0x000000076c400000,0x000000076c400000,0x000000077fc80000)
  from space 2048K, 9% used [0x0000000780080000,0x00000007800b0000,0x0000000780280000)
  to   space 3072K, 0% used [0x000000077fc80000,0x000000077fc80000,0x000000077ff80000)
 ParOldGen       total 129024K, used 19781K [0x00000006c4c00000, 0x00000006cca00000, 0x000000076c400000)
  object space 129024K, 15% used [0x00000006c4c00000,0x00000006c5f51588,0x00000006cca00000)
 Metaspace       used 24852K, capacity 25197K, committed 25344K, reserved 1071104K
  class space    used 2934K, capacity 3051K, committed 3072K, reserved 1048576K
}
Event: 31.791 GC heap before
{Heap before GC invocations=46 (full 1):
 PSYoungGen      total 322048K, used 320192K [0x000000076c400000, 0x0000000780280000, 0x00000007c0000000)
  eden space 320000K, 100% used [0x000000076c400000,0x000000077fc80000,0x000000077fc80000)
  from space 2048K, 9% used [0x0000000780080000,0x00000007800b0000,0x0000000780280000)
  to   space 3072K, 0% used [0x000000077fc80000,0x000000077fc80000,0x000000077ff80000)
 ParOldGen       total 129024K, used 19781K [0x00000006c4c00000, 0x00000006cca00000, 0x000000076c400000)
  object space 129024K, 15% used [0x00000006c4c00000,0x00000006c5f51588,0x00000006cca00000)
 Metaspace       used 24854K, capacity 25197K, committed 25344K, reserved 1071104K
  class space    used 2934K, capacity 3051K, committed 3072K, reserved 1048576K
Event: 31.792 GC heap after
Heap after GC invocations=46 (full 1):
 PSYoungGen      total 323072K, used 160K [0x000000076c400000, 0x0000000780680000, 0x00000007c0000000)
  eden space 320000K, 0% used [0x000000076c400000,0x000000076c400000,0x000000077fc80000)
  from space 3072K, 5% used [0x000000077fc80000,0x000000077fca8000,0x000000077ff80000)
  to   space 3072K, 0% used [0x0000000780380000,0x0000000780380000,0x0000000780680000)
 ParOldGen       total 129024K, used 19789K [0x00000006c4c00000, 0x00000006cca00000, 0x000000076c400000)
  object space 129024K, 15% used [0x00000006c4c00000,0x00000006c5f53588,0x00000006cca00000)
 Metaspace       used 24854K, capacity 25197K, committed 25344K, reserved 1071104K
  class space    used 2934K, capacity 3051K, committed 3072K, reserved 1048576K
}
Event: 32.555 GC heap before
{Heap before GC invocations=47 (full 1):
 PSYoungGen      total 323072K, used 320160K [0x000000076c400000, 0x0000000780680000, 0x00000007c0000000)
  eden space 320000K, 100% used [0x000000076c400000,0x000000077fc80000,0x000000077fc80000)
  from space 3072K, 5% used [0x000000077fc80000,0x000000077fca8000,0x000000077ff80000)
  to   space 3072K, 0% used [0x0000000780380000,0x0000000780380000,0x0000000780680000)
 ParOldGen       total 129024K, used 19789K [0x00000006c4c00000, 0x00000006cca00000, 0x000000076c400000)
  object space 129024K, 15% used [0x00000006c4c00000,0x00000006c5f53588,0x00000006cca00000)
 Metaspace       used 24854K, capacity 25197K, committed 25344K, reserved 1071104K
  class space    used 2934K, capacity 3051K, committed 3072K, reserved 1048576K
Event: 32.556 GC heap after
Heap after GC invocations=47 (full 1):
 PSYoungGen      total 327168K, used 64K [0x000000076c400000, 0x0000000780700000, 0x00000007c0000000)
  eden space 324096K, 0% used [0x000000076c400000,0x000000076c400000,0x0000000780080000)
  from space 3072K, 2% used [0x0000000780380000,0x0000000780390000,0x0000000780680000)
  to   space 3072K, 0% used [0x0000000780080000,0x0000000780080000,0x0000000780380000)
 ParOldGen       total 129024K, used 19821K [0x00000006c4c00000, 0x00000006cca00000, 0x000000076c400000)
  object space 129024K, 15% used [0x00000006c4c00000,0x00000006c5f5b588,0x00000006cca00000)
 Metaspace       used 24854K, capacity 25197K, committed 25344K, reserved 1071104K
  class space    used 2934K, capacity 3051K, committed 3072K, reserved 1048576K
}

Deoptimization events (10 events):
Event: 21.869 Thread 0x0000017a9241c800 Uncommon trap: reason=bimorphic action=maybe_recompile pc=0x0000017a80ba7ac8 method=com.google.common.collect.Iterators.addAll(Ljava/util/Collection;Ljava/util/Iterator;)Z @ 13
Event: 21.869 Thread 0x0000017a9241c800 Uncommon trap: reason=class_check action=maybe_recompile pc=0x0000017a80e57e38 method=org.uqbar.project.wollok.interpreter.nativeobj.WollokJavaConversions.convertJavaToWollok(Ljava/lang/Object;)Lorg/uqbar/project/wollok/interpreter/core/WollokObject; @ 98
Event: 23.036 Thread 0x0000017a9241c800 Uncommon trap: reason=bimorphic action=maybe_recompile pc=0x0000017a80ba7ac8 method=com.google.common.collect.Iterators.addAll(Ljava/util/Collection;Ljava/util/Iterator;)Z @ 13
Event: 23.036 Thread 0x0000017a9241c800 Uncommon trap: reason=class_check action=maybe_recompile pc=0x0000017a80e57e38 method=org.uqbar.project.wollok.interpreter.nativeobj.WollokJavaConversions.convertJavaToWollok(Ljava/lang/Object;)Lorg/uqbar/project/wollok/interpreter/core/WollokObject; @ 98
Event: 25.320 Thread 0x0000017a9241c800 Uncommon trap: reason=bimorphic action=maybe_recompile pc=0x0000017a80ba7ac8 method=com.google.common.collect.Iterators.addAll(Ljava/util/Collection;Ljava/util/Iterator;)Z @ 13
Event: 25.320 Thread 0x0000017a9241c800 Uncommon trap: reason=class_check action=maybe_recompile pc=0x0000017a80e57e38 method=org.uqbar.project.wollok.interpreter.nativeobj.WollokJavaConversions.convertJavaToWollok(Ljava/lang/Object;)Lorg/uqbar/project/wollok/interpreter/core/WollokObject; @ 98
Event: 32.870 Thread 0x0000017a9241c800 Uncommon trap: reason=null_check action=make_not_entrant pc=0x0000017a80f090b8 method=sun.reflect.GeneratedMethodAccessor6.invoke(Ljava/lang/Object;[Ljava/lang/Object;)Ljava/lang/Object; @ 37
Event: 32.870 Thread 0x0000017a9241c800 Uncommon trap: reason=unstable_if action=reinterpret pc=0x0000017a80f009a8 method=org.uqbar.project.wollok.ui.utils.XTendUtilExtensions.bothNull(Ljava/lang/Object;Ljava/lang/Object;)Z @ 1
Event: 32.871 Thread 0x0000017a9241c800 Uncommon trap: reason=null_check action=make_not_entrant pc=0x0000017a80b23390 method=org.uqbar.project.wollok.game.Image.getPath()Ljava/lang/String; @ 28
Event: 32.881 Thread 0x0000017a9241c800 Uncommon trap: reason=unstable_if action=reinterpret pc=0x0000017a80df03e4 method=java.util.HashMap$HashIterator.<init>(Ljava/util/HashMap;)V @ 45

Classes redefined (0 events):
No events

Internal exceptions (10 events):
Event: 2.203 Thread 0x0000017af2938800 Exception <a 'java/security/PrivilegedActionException'> (0x000000076d16c938) thrown at [J:\jenkins\tmp\workspace\build\src\hotspot\src\share\vm\prims\jvm.cpp, line 1514]
Event: 2.203 Thread 0x0000017af2938800 Exception <a 'java/security/PrivilegedActionException'> (0x000000076d16de68) thrown at [J:\jenkins\tmp\workspace\build\src\hotspot\src\share\vm\prims\jvm.cpp, line 1514]
Event: 2.203 Thread 0x0000017af2938800 Exception <a 'java/security/PrivilegedActionException'> (0x000000076d16f298) thrown at [J:\jenkins\tmp\workspace\build\src\hotspot\src\share\vm\prims\jvm.cpp, line 1514]
Event: 2.203 Thread 0x0000017af2938800 Exception <a 'java/security/PrivilegedActionException'> (0x000000076d170958) thrown at [J:\jenkins\tmp\workspace\build\src\hotspot\src\share\vm\prims\jvm.cpp, line 1514]
Event: 2.203 Thread 0x0000017af2938800 Exception <a 'java/security/PrivilegedActionException'> (0x000000076d171d50) thrown at [J:\jenkins\tmp\workspace\build\src\hotspot\src\share\vm\prims\jvm.cpp, line 1514]
Event: 2.203 Thread 0x0000017af2938800 Exception <a 'java/security/PrivilegedActionException'> (0x000000076d173118) thrown at [J:\jenkins\tmp\workspace\build\src\hotspot\src\share\vm\prims\jvm.cpp, line 1514]
Event: 2.771 Thread 0x0000017a9241c800 Exception <a 'java/io/FileNotFoundException'> (0x000000076dd01b08) thrown at [J:\jenkins\tmp\workspace\build\src\hotspot\src\share\vm\prims\jni.cpp, line 709]
Event: 32.870 Thread 0x0000017a9241c800 Implicit null exception at 0x0000017a80f07e3c to 0x0000017a80f090a5
Event: 32.870 Thread 0x0000017a9241c800 Implicit null exception at 0x0000017a80eff755 to 0x0000017a80f00991
Event: 32.871 Thread 0x0000017a9241c800 Implicit null exception at 0x0000017a80b22d63 to 0x0000017a80b23385

Events (10 events):
Event: 32.882 Thread 0x0000017a9241c800 Thread exited: 0x0000017a9241c800
Event: 32.882 loading class org/uqbar/project/wollok/interpreter/WollokInterpreter$3
Event: 32.882 loading class org/uqbar/project/wollok/interpreter/WollokInterpreter$3 done
Event: 32.883 loading class java/util/IdentityHashMap$KeyIterator
Event: 32.883 loading class java/util/IdentityHashMap$KeyIterator done
Event: 32.883 Thread 0x0000017a9241c800 Thread added: 0x0000017a9241c800
Event: 32.883 Thread 0x0000017a901e4000 Thread added: 0x0000017a901e4000
Event: 32.884 Thread 0x0000017a9241c800 Thread exited: 0x0000017a9241c800
Event: 32.894 Thread 0x0000017a901e4000 Thread exited: 0x0000017a901e4000
Event: 32.894 Executing VM operation: Exit


Dynamic libraries:
0x00007ff7aaf30000 - 0x00007ff7aaf75000 	C:\Program Files\Eclipse Adoptium\jdk-8.0.362.9-hotspot\bin\javaw.exe
0x00007ffc50670000 - 0x00007ffc50884000 	C:\WINDOWS\SYSTEM32\ntdll.dll
0x00007ffc4f2b0000 - 0x00007ffc4f372000 	C:\WINDOWS\System32\KERNEL32.DLL
0x00007ffc4dc60000 - 0x00007ffc4e003000 	C:\WINDOWS\System32\KERNELBASE.dll
0x00007ffc4e740000 - 0x00007ffc4e7ee000 	C:\WINDOWS\System32\ADVAPI32.dll
0x00007ffc4f380000 - 0x00007ffc4f427000 	C:\WINDOWS\System32\msvcrt.dll
0x00007ffc4feb0000 - 0x00007ffc4ff54000 	C:\WINDOWS\System32\sechost.dll
0x00007ffc504e0000 - 0x00007ffc505f7000 	C:\WINDOWS\System32\RPCRT4.dll
0x00007ffc4f9c0000 - 0x00007ffc4fb6b000 	C:\WINDOWS\System32\USER32.dll
0x00007ffc4dc30000 - 0x00007ffc4dc56000 	C:\WINDOWS\System32\win32u.dll
0x00007ffc4e7f0000 - 0x00007ffc4e819000 	C:\WINDOWS\System32\GDI32.dll
0x00007ffc4e080000 - 0x00007ffc4e199000 	C:\WINDOWS\System32\gdi32full.dll
0x00007ffc4e1a0000 - 0x00007ffc4e23a000 	C:\WINDOWS\System32\msvcp_win.dll
0x00007ffc4e240000 - 0x00007ffc4e351000 	C:\WINDOWS\System32\ucrtbase.dll
0x00007ffc34920000 - 0x00007ffc34bae000 	C:\WINDOWS\WinSxS\amd64_microsoft.windows.common-controls_6595b64144ccf1df_6.0.22621.1635_none_270f70857386168e\COMCTL32.dll
0x00007ffc4f950000 - 0x00007ffc4f981000 	C:\WINDOWS\System32\IMM32.DLL
0x00007ffc39c80000 - 0x00007ffc39c95000 	C:\Program Files\Eclipse Adoptium\jdk-8.0.362.9-hotspot\jre\bin\vcruntime140.dll
0x00007ffc277d0000 - 0x00007ffc2786b000 	C:\Program Files\Eclipse Adoptium\jdk-8.0.362.9-hotspot\jre\bin\msvcp140.dll
0x0000000076810000 - 0x0000000077068000 	C:\Program Files\Eclipse Adoptium\jdk-8.0.362.9-hotspot\jre\bin\server\jvm.dll
0x00007ffc503f0000 - 0x00007ffc503f8000 	C:\WINDOWS\System32\PSAPI.DLL
0x00007ffc48080000 - 0x00007ffc48089000 	C:\WINDOWS\SYSTEM32\WSOCK32.dll
0x00007ffc432f0000 - 0x00007ffc432fa000 	C:\WINDOWS\SYSTEM32\VERSION.dll
0x00007ffc38650000 - 0x00007ffc38684000 	C:\WINDOWS\SYSTEM32\WINMM.dll
0x00007ffc4f440000 - 0x00007ffc4f4b1000 	C:\WINDOWS\System32\WS2_32.dll
0x00007ffc4cb60000 - 0x00007ffc4cb78000 	C:\WINDOWS\SYSTEM32\kernel.appcore.dll
0x00007ffc39ec0000 - 0x00007ffc39ed0000 	C:\Program Files\Eclipse Adoptium\jdk-8.0.362.9-hotspot\jre\bin\verify.dll
0x00007ffc39910000 - 0x00007ffc3993b000 	C:\Program Files\Eclipse Adoptium\jdk-8.0.362.9-hotspot\jre\bin\java.dll
0x00007ffc398f0000 - 0x00007ffc39908000 	C:\Program Files\Eclipse Adoptium\jdk-8.0.362.9-hotspot\jre\bin\zip.dll
0x00007ffc4eab0000 - 0x00007ffc4f2aa000 	C:\WINDOWS\System32\SHELL32.dll
0x00007ffc4ba00000 - 0x00007ffc4c2ce000 	C:\WINDOWS\SYSTEM32\windows.storage.dll
0x00007ffc4ff60000 - 0x00007ffc502e9000 	C:\WINDOWS\System32\combase.dll
0x00007ffc4b8c0000 - 0x00007ffc4b9fe000 	C:\WINDOWS\SYSTEM32\wintypes.dll
0x00007ffc4e640000 - 0x00007ffc4e731000 	C:\WINDOWS\System32\SHCORE.dll
0x00007ffc4e5c0000 - 0x00007ffc4e61e000 	C:\WINDOWS\System32\shlwapi.dll
0x00007ffc4d970000 - 0x00007ffc4d991000 	C:\WINDOWS\SYSTEM32\profapi.dll
0x0000000065580000 - 0x0000000065616000 	C:\Users\vhba0\AppData\Local\Temp\libgdxvhba0\12dfaa03\gdx64.dll
0x00007ffc4d250000 - 0x00007ffc4d26b000 	C:\WINDOWS\SYSTEM32\CRYPTSP.dll
0x00007ffc4cad0000 - 0x00007ffc4cb05000 	C:\WINDOWS\system32\rsaenh.dll
0x00007ffc4d0f0000 - 0x00007ffc4d118000 	C:\WINDOWS\SYSTEM32\USERENV.dll
0x00007ffc4d3f0000 - 0x00007ffc4d418000 	C:\WINDOWS\SYSTEM32\bcrypt.dll
0x00007ffc4da40000 - 0x00007ffc4dabb000 	C:\WINDOWS\System32\bcryptprimitives.dll
0x00007ffc4d270000 - 0x00007ffc4d27c000 	C:\WINDOWS\SYSTEM32\CRYPTBASE.dll
0x00007ffc39380000 - 0x00007ffc3939c000 	C:\Program Files\Eclipse Adoptium\jdk-8.0.362.9-hotspot\jre\bin\net.dll
0x00007ffc4cff0000 - 0x00007ffc4d059000 	C:\WINDOWS\system32\mswsock.dll
0x00007ffc4c5a0000 - 0x00007ffc4c5cd000 	C:\WINDOWS\SYSTEM32\IPHLPAPI.DLL
0x00007ffc4f430000 - 0x00007ffc4f439000 	C:\WINDOWS\System32\NSI.dll
0x00007ffc448a0000 - 0x00007ffc448b9000 	C:\WINDOWS\SYSTEM32\dhcpcsvc6.DLL
0x00007ffc44880000 - 0x00007ffc4489f000 	C:\WINDOWS\SYSTEM32\dhcpcsvc.DLL
0x00007ffc4c5e0000 - 0x00007ffc4c6d3000 	C:\WINDOWS\SYSTEM32\DNSAPI.dll
0x00007ffc39310000 - 0x00007ffc39323000 	C:\Program Files\Eclipse Adoptium\jdk-8.0.362.9-hotspot\jre\bin\nio.dll
0x0000000180000000 - 0x0000000180053000 	C:\Users\vhba0\AppData\Local\Temp\libgdxvhba0\dc0f0009\lwjgl64.dll
0x00007ffc20ce0000 - 0x00007ffc20de0000 	C:\WINDOWS\SYSTEM32\OPENGL32.dll
0x00007ffc35f50000 - 0x00007ffc35f7d000 	C:\WINDOWS\SYSTEM32\GLU32.dll
0x00007ffc4ad60000 - 0x00007ffc4ad98000 	C:\WINDOWS\SYSTEM32\dxcore.dll
0x0000017a93c80000 - 0x0000017a93ce4000 	C:\Users\vhba0\AppData\Local\Temp\libgdxvhba0\dc0f0009\OpenAL64.dll
0x00007ffc4e420000 - 0x00007ffc4e5bc000 	C:\WINDOWS\System32\ole32.dll
0x00007ffc481d0000 - 0x00007ffc4827b000 	C:\WINDOWS\system32\uxtheme.dll
0x00007ffc4e8d0000 - 0x00007ffc4e980000 	C:\WINDOWS\System32\clbcatq.dll
0x00007ffc36ab0000 - 0x00007ffc36b52000 	C:\WINDOWS\SYSTEM32\dsound.dll
0x00007ffc2c900000 - 0x00007ffc2c9b1000 	C:\WINDOWS\SYSTEM32\ResampleDmo.DLL
0x00007ffc34d90000 - 0x00007ffc34db9000 	C:\WINDOWS\SYSTEM32\winmmbase.dll
0x00007ffc4c940000 - 0x00007ffc4c98d000 	C:\WINDOWS\SYSTEM32\powrprof.dll
0x00007ffc50400000 - 0x00007ffc504d7000 	C:\WINDOWS\System32\OLEAUT32.dll
0x00007ffc34bb0000 - 0x00007ffc34bbb000 	C:\WINDOWS\SYSTEM32\msdmo.dll
0x00007ffc4c910000 - 0x00007ffc4c923000 	C:\WINDOWS\SYSTEM32\UMPDC.dll
0x00007ffc3ff80000 - 0x00007ffc4001d000 	C:\WINDOWS\System32\MMDevApi.dll
0x00007ffc4d700000 - 0x00007ffc4d72c000 	C:\WINDOWS\System32\DEVOBJ.dll
0x00007ffc4d730000 - 0x00007ffc4d77e000 	C:\WINDOWS\SYSTEM32\cfgmgr32.dll
0x00007ffc37740000 - 0x00007ffc3792c000 	C:\WINDOWS\SYSTEM32\AUDIOSES.DLL
0x00007ffc4b4a0000 - 0x00007ffc4b4b5000 	C:\WINDOWS\SYSTEM32\resourcepolicyclient.dll
0x00007ffc44970000 - 0x00007ffc44a2c000 	C:\WINDOWS\SYSTEM32\mscms.dll
0x00007ffc3fac0000 - 0x00007ffc3fb0e000 	C:\Windows\System32\Windows.Internal.Graphics.Display.DisplayColorManagement.dll
0x00007ffc4e980000 - 0x00007ffc4eaa7000 	C:\WINDOWS\System32\MSCTF.dll
0x00007ffc44f10000 - 0x00007ffc44f58000 	C:\WINDOWS\SYSTEM32\directxdatabasehelper.dll
0x00007ffc44740000 - 0x00007ffc44874000 	C:\Windows\System32\AppXDeploymentClient.dll
0x00007ffbac710000 - 0x00007ffbad71b000 	C:\WINDOWS\System32\DriverStore\FileRepository\iigd_dch.inf_amd64_e04d20469f199b2b\igxelpicd64.dll
0x00007ffc48460000 - 0x00007ffc4848b000 	C:\WINDOWS\system32\dwmapi.dll
0x00007ffc48350000 - 0x00007ffc48446000 	C:\WINDOWS\system32\dxgi.dll
0x00007ffbced40000 - 0x00007ffbcf02e000 	C:\WINDOWS\System32\DriverStore\FileRepository\iigd_dch.inf_amd64_e04d20469f199b2b\igdml64.dll
0x00007ffc3ddc0000 - 0x00007ffc3e188000 	C:\WINDOWS\System32\DriverStore\FileRepository\iigd_dch.inf_amd64_e04d20469f199b2b\igdgmm64.dll
0x00007ffc35fa0000 - 0x00007ffc360cd000 	C:\WINDOWS\SYSTEM32\textinputframework.dll
0x00007ffc47cd0000 - 0x00007ffc47e03000 	C:\WINDOWS\SYSTEM32\CoreMessaging.dll
0x00007ffc43940000 - 0x00007ffc43cac000 	C:\WINDOWS\SYSTEM32\CoreUIComponents.dll
0x00007ffbfcef0000 - 0x00007ffbfcf39000 	C:\WINDOWS\SYSTEM32\icm32.dll
0x00007ffc3a7b0000 - 0x00007ffc3ddb5000 	C:\WINDOWS\System32\DriverStore\FileRepository\iigd_dch.inf_amd64_e04d20469f199b2b\igc64.dll
0x00007ffc4b230000 - 0x00007ffc4b45e000 	C:\WINDOWS\SYSTEM32\dbghelp.dll

VM Arguments:
jvm_args: -Duser.language=en_GB -Dfile.encoding=UTF-8 
java_command: org.uqbar.project.wollok.launch.WollokLauncher -requestsPort 0 -eventsPort 0 -folder -dontValidate -wf src/juego.wpgm -darkMode
java_class_path (initial): C:\Users\vhba0\git\2023s1---tp-game-wollok-team-3\bin;C:\Users\vhba0\OneDrive\Documentos\wollok\plugins\com.ibm.icu_64.2.0.v20190507-1337.jar;C:\Users\vhba0\OneDrive\Documentos\wollok\plugins\org.eclipse.xtext_2.20.0.v20191202-0915.jar;C:\Users\vhba0\OneDrive\Documentos\wollok\plugins\org.eclipse.emf.ecore.xmi_2.16.0.v20190528-0725.jar;C:\Users\vhba0\OneDrive\Documentos\wollok\plugins\org.eclipse.emf.ecore_2.20.0.v20190920-0401.jar;C:\Users\vhba0\OneDrive\Documentos\wollok\plugins\org.eclipse.emf.common_2.17.0.v20190920-0401.jar;C:\Users\vhba0\OneDrive\Documentos\wollok\plugins\org.antlr.runtime_3.2.0.v201101311130.jar;C:\Users\vhba0\OneDrive\Documentos\wollok\plugins\com.google.inject_3.0.0.v201605172100.jar;C:\Users\vhba0\OneDrive\Documentos\wollok\plugins\org.eclipse.emf.mwe.core_1.5.1.v20191121-1148.jar;C:\Users\vhba0\OneDrive\Documentos\wollok\plugins\org.apache.commons.cli_1.2.0.v201404270220.jar;C:\Users\vhba0\OneDrive\Documentos\wollok\plugins\org.eclipse.emf.mwe2.runtime_2.11.1.v20191121-1148.jar;C:\Users\vhba0\OneDrive\Documentos\wollok\plugins\org.eclipse.emf.mwe.utils_1.5.1.v20191121-1148.jar;C:\Users\vhba0\OneDrive\Documentos\wollok\plugins\org.eclipse.xtext.util_2.20.0.v20191202-0915.jar;C:\Users\vhba0\OneDrive\Documentos\wollok\plugins\com.google.guava_27.1.0.v20190517-1946.jar;C:\Users\vhba0\OneDrive\Documentos\wollok\plugins\javax.inject_1.0.0.v20091030.jar;C:\Users\vhba0\OneDrive\Documentos\wollok\plugins\org.eclipse.xtext.generator_2.20.0.v20191202-0933.jar;C:\Users\vhba0\OneDrive\Documentos\wollok\plugins\org.eclipse.xtext.xtext.generator_2.20.0.v20191202-0915.jar;C:\Users\vhba0\OneDrive\Documentos\wollok\plugins\org.eclipse.xtext.xbase.lib_2.20.0.v20191202-0907.jar;C:\Users\vhba0\OneDrive\Documentos\wollok\plugins\org.eclipse.emf.codegen.ecore_2.20.0.v20191012-0918.jar;C:\Users\vhba0\OneDrive\Documentos\wollok\plugins\org.eclipse.emf.codegen_2.19.0.v20190821-1536.jar;C:\Users\vhba0\OneDrive\Documentos\wollok\plugins\
Launcher Type: SUN_STANDARD

Environment Variables:
PATH=C:/Program Files/Java/jre-1.8/bin/server;C:/Program Files/Java/jre-1.8/bin;C:/Program Files/Java/jre-1.8/lib/amd64;C:\Program Files (x86)\Common Files\Oracle\Java\javapath;C:\Program Files\Eclipse Adoptium\jdk-8.0.362.9-hotspot\bin;C:\Windows\system32;C:\Windows;C:\Windows\System32\Wbem;C:\Windows\System32\WindowsPowerShell\v1.0\;C:\Windows\System32\OpenSSH\;C:\Program Files (x86)\NVIDIA Corporation\PhysX\Common;C:\Program Files\NVIDIA Corporation\NVIDIA NvDLISR;C:\WINDOWS\system32;C:\WINDOWS;C:\WINDOWS\System32\Wbem;C:\WINDOWS\System32\WindowsPowerShell\v1.0\;C:\WINDOWS\System32\OpenSSH\;C:\Program Files\Microsoft SQL Server\150\Tools\Binn\;C:\Program Files (x86)\dotnet\;C:\Program Files\nodejs\;C:\Program Files\Microsoft SQL Server\130\Tools\Binn\;C:\Program Files\Microsoft SQL Server\Client SDK\ODBC\170\Tools\Binn\;C:\Program Files\Git\cmd;C:\Users\vhba0\AppData\Local\Microsoft\WindowsApps;C:\Users\vhba0\AppData\Local\Programs\Microsoft VS Code\bin;C:\Users\vhba0\AppData\Roaming\npm;C:\msys64\mingw64\bin;;C:\Users\vhba0\OneDrive\Documentos\wollok;
USERNAME=vhba0
OS=Windows_NT
PROCESSOR_IDENTIFIER=Intel64 Family 6 Model 140 Stepping 1, GenuineIntel



---------------  S Y S T E M  ---------------

OS: Windows 11 , 64 bit Build 22621 (10.0.22621.1778)

CPU:total 8 (initial active 8) (4 cores per cpu, 2 threads per core) family 6 model 140 stepping 1, cmov, cx8, fxsr, mmx, sse, sse2, sse3, ssse3, sse4.1, sse4.2, popcnt, avx, avx2, aes, clmul, erms, 3dnowpref, lzcnt, ht, tsc, tscinvbit, bmi1, bmi2, adx

Memory: 4k page, physical 16461228k(5702264k free), swap 19291240k(3564688k free)

vm_info: OpenJDK 64-Bit Server VM (25.362-b09) for windows-amd64 JRE (1.8.0_362-b09), built on Jan 18 2023 17:11:58 by "jenkins" with MS VC++ 15.9 (VS2017)

time: Fri Jun 23 19:33:59 2023
timezone: Argentina Standard Time
elapsed time: 32.966882 seconds (0d 0h 0m 32s)

