#
# A fatal error has been detected by the Java Runtime Environment:
#
#  EXCEPTION_ACCESS_VIOLATION (0xc0000005) at pc=0x00007ffbac9d3a9c, pid=18060, tid=0x0000000000005bcc
#
# JRE version: OpenJDK Runtime Environment (8.0_362-b09) (build 1.8.0_362-b09)
# Java VM: OpenJDK 64-Bit Server VM (25.362-b09 mixed mode windows-amd64 compressed oops)
# Problematic frame:
# C  [igxelpicd64.dll+0x2c3a9c]
#
# Failed to write core dump. Minidumps are not enabled by default on client versions of Windows
#
# If you would like to submit a bug report, please visit:
#   https://github.com/adoptium/adoptium-support/issues
#

---------------  T H R E A D  ---------------

Current thread (0x0000022c56f0e800):  VMThread [stack: 0x000000dd39b00000,0x000000dd39c00000] [id=23500]

siginfo: ExceptionCode=0xc0000005, reading address 0x0000000000035718

Registers:
RAX=0x0000022c5a74a9a8, RBX=0x0000022c5a74a8a0, RCX=0x0000000000000000, RDX=0x0000000000000000
RSP=0x000000dd39bfe4c0, RBP=0x0000000000000000, RSI=0x0000022c5a74ae70, RDI=0x0000022c5c4ac0a0
R8 =0x0000000000000014, R9 =0x0000000000000000, R10=0x0000000000000000, R11=0x0000000000000000
R12=0x0000000000000000, R13=0x0000022c5c261b50, R14=0x0000000000087c00, R15=0x0000000000000016
RIP=0x00007ffbac9d3a9c, EFLAGS=0x0000000000010202

Top of Stack: (sp=0x000000dd39bfe4c0)
0x000000dd39bfe4c0:   0000022c5bd9ec10 0000000000000000
0x000000dd39bfe4d0:   0000022c5c7d3d10 00007ffc50712c94
0x000000dd39bfe4e0:   0000022c5cee0be0 0000022c5cea0780
0x000000dd39bfe4f0:   0000022c5cee0be0 00007ffbac763f3b
0x000000dd39bfe500:   0000022c5ced5620 0000000000087cd4
0x000000dd39bfe510:   0000000000000000 0000000000000013
0x000000dd39bfe520:   0000000000000000 0000000000000000
0x000000dd39bfe530:   000000dd39bfe640 00007ffbac9adffc
0x000000dd39bfe540:   0000022c5bd9ec10 0000022c5c4ac0a0
0x000000dd39bfe550:   0000022c5cea0700 00007ffbac766400
0x000000dd39bfe560:   000000dd00000674 0000b802195e0000
0x000000dd39bfe570:   0000000000000000 0000000000000014
0x000000dd39bfe580:   0290bfb300000000 022057b501c5d7b4
0x000000dd39bfe590:   023bf1b600000028 0000800400112000
0x000000dd39bfe5a0:   009702b80250f1b7 00007ffbaca2fc8c
0x000000dd39bfe5b0:   01e430b900000000 022ab9b901ae79b9 

Instructions: (pc=0x00007ffbac9d3a9c)
0x00007ffbac9d3a7c:   83 17 01 00 00 48 8d 04 d5 21 00 00 00 48 03 c2
0x00007ffbac9d3a8c:   48 8d 04 c3 48 85 c0 0f 85 2e 01 00 00 49 8b cb
0x00007ffbac9d3a9c:   48 3b 8d 18 57 03 00 0f 87 f3 02 00 00 4c 39 9b
0x00007ffbac9d3aac:   48 06 00 00 0f 85 1f 1f 70 00 44 8b 97 c8 01 00 


Register to memory mapping:

RAX=0x0000022c5a74a9a8 is an unknown value
RBX=0x0000022c5a74a8a0 is an unknown value
RCX=0x0000000000000000 is an unknown value
RDX=0x0000000000000000 is an unknown value
RSP=0x000000dd39bfe4c0 is an unknown value
RBP=0x0000000000000000 is an unknown value
RSI=0x0000022c5a74ae70 is an unknown value
RDI=0x0000022c5c4ac0a0 is an unknown value
R8 =0x0000000000000014 is an unknown value
R9 =0x0000000000000000 is an unknown value
R10=0x0000000000000000 is an unknown value
R11=0x0000000000000000 is an unknown value
R12=0x0000000000000000 is an unknown value
R13=0x0000022c5c261b50 is an unknown value
R14=0x0000000000087c00 is an unknown value
R15=0x0000000000000016 is an unknown value


Stack: [0x000000dd39b00000,0x000000dd39c00000],  sp=0x000000dd39bfe4c0,  free space=1017k
Native frames: (J=compiled Java code, j=interpreted, Vv=VM code, C=native code)

VM_Operation (0x000000dd392fef50): Exit, mode: safepoint, requested by thread 0x0000022c3c477800


---------------  P R O C E S S  ---------------

Java Threads: ( => current thread )
  0x0000022c5c165800 JavaThread "LWJGL Timer" daemon [_thread_blocked, id=21060, stack(0x000000dd3ae00000,0x000000dd3af00000)]
  0x0000022c599d6000 JavaThread "com.google.inject.internal.util.$Finalizer" daemon [_thread_blocked, id=24108, stack(0x000000dd3a700000,0x000000dd3a800000)]
  0x0000022c599bb000 JavaThread "EMF Reference Cleaner" daemon [_thread_blocked, id=19612, stack(0x000000dd3a600000,0x000000dd3a700000)]
  0x0000022c56fda800 JavaThread "Service Thread" daemon [_thread_blocked, id=18644, stack(0x000000dd3a400000,0x000000dd3a500000)]
  0x0000022c56f8f800 JavaThread "C1 CompilerThread3" daemon [_thread_blocked, id=23068, stack(0x000000dd3a300000,0x000000dd3a400000)]
  0x0000022c56f7c800 JavaThread "C2 CompilerThread2" daemon [_thread_blocked, id=20144, stack(0x000000dd3a200000,0x000000dd3a300000)]
  0x0000022c56f73000 JavaThread "C2 CompilerThread1" daemon [_thread_blocked, id=9000, stack(0x000000dd3a100000,0x000000dd3a200000)]
  0x0000022c56f79000 JavaThread "C2 CompilerThread0" daemon [_thread_blocked, id=8296, stack(0x000000dd3a000000,0x000000dd3a100000)]
  0x0000022c56f68000 JavaThread "Attach Listener" daemon [_thread_blocked, id=9088, stack(0x000000dd39f00000,0x000000dd3a000000)]
  0x0000022c56f67000 JavaThread "Signal Dispatcher" daemon [_thread_blocked, id=11860, stack(0x000000dd39e00000,0x000000dd39f00000)]
  0x0000022c56f3f000 JavaThread "Finalizer" daemon [_thread_blocked, id=26488, stack(0x000000dd39d00000,0x000000dd39e00000)]
  0x0000022c56f38000 JavaThread "Reference Handler" daemon [_thread_blocked, id=25628, stack(0x000000dd39c00000,0x000000dd39d00000)]
  0x0000022c3c477800 JavaThread "main" [_thread_blocked, id=16012, stack(0x000000dd39200000,0x000000dd39300000)]

Other Threads:
=>0x0000022c56f0e800 VMThread [stack: 0x000000dd39b00000,0x000000dd39c00000] [id=23500]

VM state:at safepoint (shutting down)

VM Mutex/Monitor currently owned by a thread:  ([mutex/lock_event])
[0x0000022c3c474c00] Threads_lock - owner thread: 0x0000022c56f0e800

heap address: 0x00000006c4c00000, size: 4020 MB, Compressed Oops mode: Zero based, Oop shift amount: 3
Narrow klass base: 0x0000000000000000, Narrow klass shift: 3
Compressed class space size: 1073741824 Address: 0x00000007c0000000

Heap:
 PSYoungGen      total 452608K, used 154942K [0x000000076c400000, 0x0000000789d80000, 0x00000007c0000000)
  eden space 437248K, 35% used [0x000000076c400000,0x0000000775ac7b48,0x0000000786f00000)
  from space 15360K, 3% used [0x0000000786f00000,0x0000000786f88000,0x0000000787e00000)
  to   space 14848K, 0% used [0x0000000788f00000,0x0000000788f00000,0x0000000789d80000)
 ParOldGen       total 126976K, used 18786K [0x00000006c4c00000, 0x00000006cc800000, 0x000000076c400000)
  object space 126976K, 14% used [0x00000006c4c00000,0x00000006c5e58a38,0x00000006cc800000)
 Metaspace       used 25027K, capacity 25397K, committed 25600K, reserved 1071104K
  class space    used 2947K, capacity 3051K, committed 3072K, reserved 1048576K

Card table byte_map: [0x0000022c4d240000,0x0000022c4da20000] byte_map_base: 0x0000022c49c1a000

Marking Bits: (ParMarkBitMap*) 0x0000000076fef7f0
 Begin Bits: [0x0000022c4df60000, 0x0000022c51e30000)
 End Bits:   [0x0000022c51e30000, 0x0000022c55d00000)

Polling page: 0x0000022c3c650000

CodeCache: size=245760Kb used=16542Kb max_used=17001Kb free=229218Kb
 bounds [0x0000022c3de80000, 0x0000022c3ef80000, 0x0000022c4ce80000]
 total_blobs=5218 nmethods=4620 adapters=509
 compilation: enabled

Compilation events (10 events):
Event: 17.534 Thread 0x0000022c56f8f800 5031       3       org.eclipse.emf.common.util.CommonUtil$StringPool$StringAccessUnit::match (5 bytes)
Event: 17.534 Thread 0x0000022c56f8f800 nmethod 5031 0x0000022c3e02a190 code [0x0000022c3e02a300, 0x0000022c3e02a4b0]
Event: 17.604 Thread 0x0000022c56f8f800 5032       1       com.badlogic.gdx.graphics.glutils.IndexArray::bind (1 bytes)
Event: 17.604 Thread 0x0000022c56f8f800 nmethod 5032 0x0000022c3e0af050 code [0x0000022c3e0af1a0, 0x0000022c3e0af2b8]
Event: 17.904 Thread 0x0000022c56f8f800 5033       3       org.uqbar.project.wollok.game.gameboard.Gameboard$2::apply (9 bytes)
Event: 17.905 Thread 0x0000022c56f8f800 nmethod 5033 0x0000022c3e2e81d0 code [0x0000022c3e2e8380, 0x0000022c3e2e8a80]
Event: 17.905 Thread 0x0000022c56f8f800 5034       3       org.uqbar.project.wollok.game.gameboard.Gameboard$2::apply (17 bytes)
Event: 17.905 Thread 0x0000022c56f8f800 nmethod 5034 0x0000022c3e003fd0 code [0x0000022c3e004180, 0x0000022c3e004720]
Event: 17.909 Thread 0x0000022c56f8f800 5035       3       org.uqbar.project.wollok.wollokDsl.impl.WAssignmentImpl::eGet (42 bytes)
Event: 17.909 Thread 0x0000022c56f8f800 nmethod 5035 0x0000022c3dfb0dd0 code [0x0000022c3dfb0f40, 0x0000022c3dfb1150]

GC Heap History (10 events):
Event: 12.454 GC heap before
{Heap before GC invocations=16 (full 1):
 PSYoungGen      total 405504K, used 389902K [0x000000076c400000, 0x0000000786300000, 0x00000007c0000000)
  eden space 388096K, 100% used [0x000000076c400000,0x0000000783f00000,0x0000000783f00000)
  from space 17408K, 10% used [0x0000000785200000,0x00000007853c3890,0x0000000786300000)
  to   space 18432K, 0% used [0x0000000783f00000,0x0000000783f00000,0x0000000785100000)
 ParOldGen       total 126976K, used 17570K [0x00000006c4c00000, 0x00000006cc800000, 0x000000076c400000)
  object space 126976K, 13% used [0x00000006c4c00000,0x00000006c5d28b30,0x00000006cc800000)
 Metaspace       used 24899K, capacity 25269K, committed 25344K, reserved 1071104K
  class space    used 2942K, capacity 3051K, committed 3072K, reserved 1048576K
Event: 12.457 GC heap after
Heap after GC invocations=16 (full 1):
 PSYoungGen      total 406528K, used 1822K [0x000000076c400000, 0x0000000788380000, 0x00000007c0000000)
  eden space 388096K, 0% used [0x000000076c400000,0x000000076c400000,0x0000000783f00000)
  from space 18432K, 9% used [0x0000000783f00000,0x00000007840c78a0,0x0000000785100000)
  to   space 17920K, 0% used [0x0000000787200000,0x0000000787200000,0x0000000788380000)
 ParOldGen       total 126976K, used 17578K [0x00000006c4c00000, 0x00000006cc800000, 0x000000076c400000)
  object space 126976K, 13% used [0x00000006c4c00000,0x00000006c5d2ab30,0x00000006cc800000)
 Metaspace       used 24899K, capacity 25269K, committed 25344K, reserved 1071104K
  class space    used 2942K, capacity 3051K, committed 3072K, reserved 1048576K
}
Event: 13.695 GC heap before
{Heap before GC invocations=17 (full 1):
 PSYoungGen      total 406528K, used 389918K [0x000000076c400000, 0x0000000788380000, 0x00000007c0000000)
  eden space 388096K, 100% used [0x000000076c400000,0x0000000783f00000,0x0000000783f00000)
  from space 18432K, 9% used [0x0000000783f00000,0x00000007840c78a0,0x0000000785100000)
  to   space 17920K, 0% used [0x0000000787200000,0x0000000787200000,0x0000000788380000)
 ParOldGen       total 126976K, used 17578K [0x00000006c4c00000, 0x00000006cc800000, 0x000000076c400000)
  object space 126976K, 13% used [0x00000006c4c00000,0x00000006c5d2ab30,0x00000006cc800000)
 Metaspace       used 24945K, capacity 25333K, committed 25600K, reserved 1071104K
  class space    used 2942K, capacity 3051K, committed 3072K, reserved 1048576K
Event: 13.698 GC heap after
Heap after GC invocations=17 (full 1):
 PSYoungGen      total 431104K, used 1710K [0x000000076c400000, 0x0000000787e00000, 0x00000007c0000000)
  eden space 418816K, 0% used [0x000000076c400000,0x000000076c400000,0x0000000785d00000)
  from space 12288K, 13% used [0x0000000787200000,0x00000007873ab890,0x0000000787e00000)
  to   space 16896K, 0% used [0x0000000785d00000,0x0000000785d00000,0x0000000786d80000)
 ParOldGen       total 126976K, used 17586K [0x00000006c4c00000, 0x00000006cc800000, 0x000000076c400000)
  object space 126976K, 13% used [0x00000006c4c00000,0x00000006c5d2cb30,0x00000006cc800000)
 Metaspace       used 24945K, capacity 25333K, committed 25600K, reserved 1071104K
  class space    used 2942K, capacity 3051K, committed 3072K, reserved 1048576K
}
Event: 15.044 GC heap before
{Heap before GC invocations=18 (full 1):
 PSYoungGen      total 431104K, used 420526K [0x000000076c400000, 0x0000000787e00000, 0x00000007c0000000)
  eden space 418816K, 100% used [0x000000076c400000,0x0000000785d00000,0x0000000785d00000)
  from space 12288K, 13% used [0x0000000787200000,0x00000007873ab890,0x0000000787e00000)
  to   space 16896K, 0% used [0x0000000785d00000,0x0000000785d00000,0x0000000786d80000)
 ParOldGen       total 126976K, used 17586K [0x00000006c4c00000, 0x00000006cc800000, 0x000000076c400000)
  object space 126976K, 13% used [0x00000006c4c00000,0x00000006c5d2cb30,0x00000006cc800000)
 Metaspace       used 24953K, capacity 25333K, committed 25600K, reserved 1071104K
  class space    used 2942K, capacity 3051K, committed 3072K, reserved 1048576K
Event: 15.047 GC heap after
Heap after GC invocations=18 (full 1):
 PSYoungGen      total 435712K, used 1678K [0x000000076c400000, 0x0000000789000000, 0x00000007c0000000)
  eden space 418816K, 0% used [0x000000076c400000,0x000000076c400000,0x0000000785d00000)
  from space 16896K, 9% used [0x0000000785d00000,0x0000000785ea3890,0x0000000786d80000)
  to   space 15872K, 0% used [0x0000000788080000,0x0000000788080000,0x0000000789000000)
 ParOldGen       total 126976K, used 17594K [0x00000006c4c00000, 0x00000006cc800000, 0x000000076c400000)
  object space 126976K, 13% used [0x00000006c4c00000,0x00000006c5d2eb30,0x00000006cc800000)
 Metaspace       used 24953K, capacity 25333K, committed 25600K, reserved 1071104K
  class space    used 2942K, capacity 3051K, committed 3072K, reserved 1048576K
}
Event: 16.289 GC heap before
{Heap before GC invocations=19 (full 1):
 PSYoungGen      total 435712K, used 420494K [0x000000076c400000, 0x0000000789000000, 0x00000007c0000000)
  eden space 418816K, 100% used [0x000000076c400000,0x0000000785d00000,0x0000000785d00000)
  from space 16896K, 9% used [0x0000000785d00000,0x0000000785ea3890,0x0000000786d80000)
  to   space 15872K, 0% used [0x0000000788080000,0x0000000788080000,0x0000000789000000)
 ParOldGen       total 126976K, used 17594K [0x00000006c4c00000, 0x00000006cc800000, 0x000000076c400000)
  object space 126976K, 13% used [0x00000006c4c00000,0x00000006c5d2eb30,0x00000006cc800000)
 Metaspace       used 24992K, capacity 25333K, committed 25600K, reserved 1071104K
  class space    used 2945K, capacity 3051K, committed 3072K, reserved 1048576K
Event: 16.292 GC heap after
Heap after GC invocations=19 (full 1):
 PSYoungGen      total 450048K, used 1742K [0x000000076c400000, 0x0000000788d00000, 0x00000007c0000000)
  eden space 437248K, 0% used [0x000000076c400000,0x000000076c400000,0x0000000786f00000)
  from space 12800K, 13% used [0x0000000788080000,0x0000000788233890,0x0000000788d00000)
  to   space 15360K, 0% used [0x0000000786f00000,0x0000000786f00000,0x0000000787e00000)
 ParOldGen       total 126976K, used 17602K [0x00000006c4c00000, 0x00000006cc800000, 0x000000076c400000)
  object space 126976K, 13% used [0x00000006c4c00000,0x00000006c5d30b30,0x00000006cc800000)
 Metaspace       used 24992K, capacity 25333K, committed 25600K, reserved 1071104K
  class space    used 2945K, capacity 3051K, committed 3072K, reserved 1048576K
}
Event: 17.528 GC heap before
{Heap before GC invocations=20 (full 1):
 PSYoungGen      total 450048K, used 438990K [0x000000076c400000, 0x0000000788d00000, 0x00000007c0000000)
  eden space 437248K, 100% used [0x000000076c400000,0x0000000786f00000,0x0000000786f00000)
  from space 12800K, 13% used [0x0000000788080000,0x0000000788233890,0x0000000788d00000)
  to   space 15360K, 0% used [0x0000000786f00000,0x0000000786f00000,0x0000000787e00000)
 ParOldGen       total 126976K, used 17602K [0x00000006c4c00000, 0x00000006cc800000, 0x000000076c400000)
  object space 126976K, 13% used [0x00000006c4c00000,0x00000006c5d30b30,0x00000006cc800000)
 Metaspace       used 25013K, capacity 25397K, committed 25600K, reserved 1071104K
  class space    used 2945K, capacity 3051K, committed 3072K, reserved 1048576K
Event: 17.530 GC heap after
Heap after GC invocations=20 (full 1):
 PSYoungGen      total 452608K, used 544K [0x000000076c400000, 0x0000000789d80000, 0x00000007c0000000)
  eden space 437248K, 0% used [0x000000076c400000,0x000000076c400000,0x0000000786f00000)
  from space 15360K, 3% used [0x0000000786f00000,0x0000000786f88000,0x0000000787e00000)
  to   space 14848K, 0% used [0x0000000788f00000,0x0000000788f00000,0x0000000789d80000)
 ParOldGen       total 126976K, used 18786K [0x00000006c4c00000, 0x00000006cc800000, 0x000000076c400000)
  object space 126976K, 14% used [0x00000006c4c00000,0x00000006c5e58a38,0x00000006cc800000)
 Metaspace       used 25013K, capacity 25397K, committed 25600K, reserved 1071104K
  class space    used 2945K, capacity 3051K, committed 3072K, reserved 1048576K
}

Deoptimization events (10 events):
Event: 15.252 Thread 0x0000022c5a0fa800 Uncommon trap: reason=bimorphic action=maybe_recompile pc=0x0000022c3ebc205c method=org.uqbar.project.wollok.interpreter.context.CompositeEvaluationContext.resolve(Ljava/lang/String;)Ljava/lang/Object; @ 31
Event: 15.255 Thread 0x0000022c5a0fa800 Uncommon trap: reason=bimorphic action=maybe_recompile pc=0x0000022c3ea19a4c method=com.google.common.collect.Iterators.addAll(Ljava/util/Collection;Ljava/util/Iterator;)Z @ 13
Event: 15.259 Thread 0x0000022c5a0fa800 Uncommon trap: reason=class_check action=maybe_recompile pc=0x0000022c3ee5c19c method=org.uqbar.project.wollok.model.WMethodContainerExtensions$26.apply(Ljava/lang/Object;Ljava/lang/Object;)Ljava/lang/Object; @ 6
Event: 16.201 Thread 0x0000022c5a0fa800 Uncommon trap: reason=bimorphic action=maybe_recompile pc=0x0000022c3ebc205c method=org.uqbar.project.wollok.interpreter.context.CompositeEvaluationContext.resolve(Ljava/lang/String;)Ljava/lang/Object; @ 31
Event: 16.203 Thread 0x0000022c5a0fa800 Uncommon trap: reason=bimorphic action=maybe_recompile pc=0x0000022c3ea19a4c method=com.google.common.collect.Iterators.addAll(Ljava/util/Collection;Ljava/util/Iterator;)Z @ 13
Event: 17.905 Thread 0x0000022c5a0fa800 Uncommon trap: reason=bimorphic action=maybe_recompile pc=0x0000022c3ea19a4c method=com.google.common.collect.Iterators.addAll(Ljava/util/Collection;Ljava/util/Iterator;)Z @ 13
Event: 17.908 Thread 0x0000022c5a0fa800 Uncommon trap: reason=null_check action=make_not_entrant pc=0x0000022c3ed86c08 method=sun.reflect.GeneratedMethodAccessor6.invoke(Ljava/lang/Object;[Ljava/lang/Object;)Ljava/lang/Object; @ 37
Event: 17.908 Thread 0x0000022c5a0fa800 Uncommon trap: reason=unstable_if action=reinterpret pc=0x0000022c3ed779b0 method=org.uqbar.project.wollok.ui.utils.XTendUtilExtensions.bothNull(Ljava/lang/Object;Ljava/lang/Object;)Z @ 1
Event: 17.910 Thread 0x0000022c5a0fa800 Uncommon trap: reason=null_check action=make_not_entrant pc=0x0000022c3e98b8fc method=org.uqbar.project.wollok.game.Image.getPath()Ljava/lang/String; @ 28
Event: 17.914 Thread 0x0000022c5a0fa800 Uncommon trap: reason=unstable_if action=reinterpret pc=0x0000022c3ec8cf64 method=java.util.HashMap$HashIterator.<init>(Ljava/util/HashMap;)V @ 45

Classes redefined (0 events):
No events

Internal exceptions (10 events):
Event: 2.164 Thread 0x0000022c3c477800 Exception <a 'java/security/PrivilegedActionException'> (0x000000076d13e900) thrown at [J:\jenkins\tmp\workspace\build\src\hotspot\src\share\vm\prims\jvm.cpp, line 1514]
Event: 2.164 Thread 0x0000022c3c477800 Exception <a 'java/security/PrivilegedActionException'> (0x000000076d13fcc8) thrown at [J:\jenkins\tmp\workspace\build\src\hotspot\src\share\vm\prims\jvm.cpp, line 1514]
Event: 2.710 Thread 0x0000022c5a0fa800 Exception <a 'java/io/FileNotFoundException'> (0x000000076dc92a60) thrown at [J:\jenkins\tmp\workspace\build\src\hotspot\src\share\vm\prims\jni.cpp, line 709]
Event: 5.440 Thread 0x0000022c5a0fa800 Implicit null exception at 0x0000022c3eca11d3 to 0x0000022c3eca2d41
Event: 10.471 Thread 0x0000022c5a0fa800 Exception <a 'java/lang/reflect/InvocationTargetException'> (0x00000007736305a0) thrown at [J:\jenkins\tmp\workspace\build\src\hotspot\src\share\vm\runtime\reflection.cpp, line 1092]
Event: 10.499 Thread 0x0000022c5a0fa800 Implicit null exception at 0x0000022c3ee1c2b6 to 0x0000022c3ee1e5b0
Event: 10.499 Thread 0x0000022c5a0fa800 Implicit null exception at 0x0000022c3eded64c to 0x0000022c3eded6bd
Event: 17.908 Thread 0x0000022c5a0fa800 Implicit null exception at 0x0000022c3ed8499c to 0x0000022c3ed86bf5
Event: 17.908 Thread 0x0000022c5a0fa800 Implicit null exception at 0x0000022c3ed75555 to 0x0000022c3ed77999
Event: 17.910 Thread 0x0000022c5a0fa800 Implicit null exception at 0x0000022c3e98b627 to 0x0000022c3e98b8e9

Events (10 events):
Event: 17.915 Thread 0x0000022c5a0fa800 Thread exited: 0x0000022c5a0fa800
Event: 17.915 loading class org/uqbar/project/wollok/interpreter/WollokInterpreter$3
Event: 17.915 loading class org/uqbar/project/wollok/interpreter/WollokInterpreter$3 done
Event: 17.916 loading class java/util/IdentityHashMap$KeyIterator
Event: 17.916 loading class java/util/IdentityHashMap$KeyIterator done
Event: 17.916 Thread 0x0000022c5a0fa800 Thread added: 0x0000022c5a0fa800
Event: 17.916 Thread 0x0000022c59af0800 Thread added: 0x0000022c59af0800
Event: 17.916 Thread 0x0000022c59af0800 Thread exited: 0x0000022c59af0800
Event: 17.927 Thread 0x0000022c5a0fa800 Thread exited: 0x0000022c5a0fa800
Event: 17.928 Executing VM operation: Exit


Dynamic libraries:
0x00007ff7aaf30000 - 0x00007ff7aaf75000 	C:\Program Files\Eclipse Adoptium\jdk-8.0.362.9-hotspot\bin\javaw.exe
0x00007ffc50670000 - 0x00007ffc50884000 	C:\WINDOWS\SYSTEM32\ntdll.dll
0x00007ffc4f2b0000 - 0x00007ffc4f372000 	C:\WINDOWS\System32\KERNEL32.DLL
0x00007ffc4dc60000 - 0x00007ffc4e003000 	C:\WINDOWS\System32\KERNELBASE.dll
0x00007ffc4e740000 - 0x00007ffc4e7ee000 	C:\WINDOWS\System32\ADVAPI32.dll
0x00007ffc4f380000 - 0x00007ffc4f427000 	C:\WINDOWS\System32\msvcrt.dll
0x00007ffc4feb0000 - 0x00007ffc4ff54000 	C:\WINDOWS\System32\sechost.dll
0x00007ffc504e0000 - 0x00007ffc505f7000 	C:\WINDOWS\System32\RPCRT4.dll
0x00007ffc4f9c0000 - 0x00007ffc4fb6b000 	C:\WINDOWS\System32\USER32.dll
0x00007ffc4dc30000 - 0x00007ffc4dc56000 	C:\WINDOWS\System32\win32u.dll
0x00007ffc4e7f0000 - 0x00007ffc4e819000 	C:\WINDOWS\System32\GDI32.dll
0x00007ffc4e080000 - 0x00007ffc4e199000 	C:\WINDOWS\System32\gdi32full.dll
0x00007ffc4e1a0000 - 0x00007ffc4e23a000 	C:\WINDOWS\System32\msvcp_win.dll
0x00007ffc4e240000 - 0x00007ffc4e351000 	C:\WINDOWS\System32\ucrtbase.dll
0x00007ffc34920000 - 0x00007ffc34bae000 	C:\WINDOWS\WinSxS\amd64_microsoft.windows.common-controls_6595b64144ccf1df_6.0.22621.1635_none_270f70857386168e\COMCTL32.dll
0x00007ffc4f950000 - 0x00007ffc4f981000 	C:\WINDOWS\System32\IMM32.DLL
0x00007ffc38190000 - 0x00007ffc381a5000 	C:\Program Files\Eclipse Adoptium\jdk-8.0.362.9-hotspot\jre\bin\vcruntime140.dll
0x00007ffc1d3f0000 - 0x00007ffc1d48b000 	C:\Program Files\Eclipse Adoptium\jdk-8.0.362.9-hotspot\jre\bin\msvcp140.dll
0x0000000076810000 - 0x0000000077068000 	C:\Program Files\Eclipse Adoptium\jdk-8.0.362.9-hotspot\jre\bin\server\jvm.dll
0x00007ffc503f0000 - 0x00007ffc503f8000 	C:\WINDOWS\System32\PSAPI.DLL
0x00007ffc38650000 - 0x00007ffc38684000 	C:\WINDOWS\SYSTEM32\WINMM.dll
0x00007ffc432f0000 - 0x00007ffc432fa000 	C:\WINDOWS\SYSTEM32\VERSION.dll
0x00007ffc48080000 - 0x00007ffc48089000 	C:\WINDOWS\SYSTEM32\WSOCK32.dll
0x00007ffc4f440000 - 0x00007ffc4f4b1000 	C:\WINDOWS\System32\WS2_32.dll
0x00007ffc4cb60000 - 0x00007ffc4cb78000 	C:\WINDOWS\SYSTEM32\kernel.appcore.dll
0x00007ffc39310000 - 0x00007ffc39320000 	C:\Program Files\Eclipse Adoptium\jdk-8.0.362.9-hotspot\jre\bin\verify.dll
0x00007ffc38160000 - 0x00007ffc3818b000 	C:\Program Files\Eclipse Adoptium\jdk-8.0.362.9-hotspot\jre\bin\java.dll
0x00007ffc37ea0000 - 0x00007ffc37eb8000 	C:\Program Files\Eclipse Adoptium\jdk-8.0.362.9-hotspot\jre\bin\zip.dll
0x00007ffc4eab0000 - 0x00007ffc4f2aa000 	C:\WINDOWS\System32\SHELL32.dll
0x00007ffc4ba00000 - 0x00007ffc4c2ce000 	C:\WINDOWS\SYSTEM32\windows.storage.dll
0x00007ffc4ff60000 - 0x00007ffc502e9000 	C:\WINDOWS\System32\combase.dll
0x00007ffc4b8c0000 - 0x00007ffc4b9fe000 	C:\WINDOWS\SYSTEM32\wintypes.dll
0x00007ffc4e640000 - 0x00007ffc4e731000 	C:\WINDOWS\System32\SHCORE.dll
0x00007ffc4e5c0000 - 0x00007ffc4e61e000 	C:\WINDOWS\System32\shlwapi.dll
0x00007ffc4d970000 - 0x00007ffc4d991000 	C:\WINDOWS\SYSTEM32\profapi.dll
0x0000000065580000 - 0x0000000065616000 	C:\Users\vhba0\AppData\Local\Temp\libgdxvhba0\12dfaa03\gdx64.dll
0x00007ffc4d250000 - 0x00007ffc4d26b000 	C:\WINDOWS\SYSTEM32\CRYPTSP.dll
0x00007ffc4cad0000 - 0x00007ffc4cb05000 	C:\WINDOWS\system32\rsaenh.dll
0x00007ffc4d0f0000 - 0x00007ffc4d118000 	C:\WINDOWS\SYSTEM32\USERENV.dll
0x00007ffc4d3f0000 - 0x00007ffc4d418000 	C:\WINDOWS\SYSTEM32\bcrypt.dll
0x00007ffc4da40000 - 0x00007ffc4dabb000 	C:\WINDOWS\System32\bcryptprimitives.dll
0x00007ffc4d270000 - 0x00007ffc4d27c000 	C:\WINDOWS\SYSTEM32\CRYPTBASE.dll
0x00007ffc37a60000 - 0x00007ffc37a7c000 	C:\Program Files\Eclipse Adoptium\jdk-8.0.362.9-hotspot\jre\bin\net.dll
0x00007ffc4cff0000 - 0x00007ffc4d059000 	C:\WINDOWS\system32\mswsock.dll
0x00007ffc4c5a0000 - 0x00007ffc4c5cd000 	C:\WINDOWS\SYSTEM32\IPHLPAPI.DLL
0x00007ffc4f430000 - 0x00007ffc4f439000 	C:\WINDOWS\System32\NSI.dll
0x00007ffc448a0000 - 0x00007ffc448b9000 	C:\WINDOWS\SYSTEM32\dhcpcsvc6.DLL
0x00007ffc44880000 - 0x00007ffc4489f000 	C:\WINDOWS\SYSTEM32\dhcpcsvc.DLL
0x00007ffc4c5e0000 - 0x00007ffc4c6d3000 	C:\WINDOWS\SYSTEM32\DNSAPI.dll
0x00007ffc33d40000 - 0x00007ffc33d53000 	C:\Program Files\Eclipse Adoptium\jdk-8.0.362.9-hotspot\jre\bin\nio.dll
0x0000000180000000 - 0x0000000180053000 	C:\Users\vhba0\AppData\Local\Temp\libgdxvhba0\dc0f0009\lwjgl64.dll
0x00007ffc20ce0000 - 0x00007ffc20de0000 	C:\WINDOWS\SYSTEM32\OPENGL32.dll
0x00007ffc35f50000 - 0x00007ffc35f7d000 	C:\WINDOWS\SYSTEM32\GLU32.dll
0x00007ffc4ad60000 - 0x00007ffc4ad98000 	C:\WINDOWS\SYSTEM32\dxcore.dll
0x0000022c5d6a0000 - 0x0000022c5d704000 	C:\Users\vhba0\AppData\Local\Temp\libgdxvhba0\dc0f0009\OpenAL64.dll
0x00007ffc4e420000 - 0x00007ffc4e5bc000 	C:\WINDOWS\System32\ole32.dll
0x00007ffc481d0000 - 0x00007ffc4827b000 	C:\WINDOWS\system32\uxtheme.dll
0x00007ffc4e8d0000 - 0x00007ffc4e980000 	C:\WINDOWS\System32\clbcatq.dll
0x00007ffc36ab0000 - 0x00007ffc36b52000 	C:\WINDOWS\SYSTEM32\dsound.dll
0x00007ffc2c900000 - 0x00007ffc2c9b1000 	C:\WINDOWS\SYSTEM32\ResampleDmo.DLL
0x00007ffc34d90000 - 0x00007ffc34db9000 	C:\WINDOWS\SYSTEM32\winmmbase.dll
0x00007ffc4c940000 - 0x00007ffc4c98d000 	C:\WINDOWS\SYSTEM32\powrprof.dll
0x00007ffc50400000 - 0x00007ffc504d7000 	C:\WINDOWS\System32\OLEAUT32.dll
0x00007ffc34bb0000 - 0x00007ffc34bbb000 	C:\WINDOWS\SYSTEM32\msdmo.dll
0x00007ffc4c910000 - 0x00007ffc4c923000 	C:\WINDOWS\SYSTEM32\UMPDC.dll
0x00007ffc3ff80000 - 0x00007ffc4001d000 	C:\WINDOWS\System32\MMDevApi.dll
0x00007ffc4d700000 - 0x00007ffc4d72c000 	C:\WINDOWS\System32\DEVOBJ.dll
0x00007ffc4d730000 - 0x00007ffc4d77e000 	C:\WINDOWS\SYSTEM32\cfgmgr32.dll
0x00007ffc37740000 - 0x00007ffc3792c000 	C:\WINDOWS\SYSTEM32\AUDIOSES.DLL
0x00007ffc4b4a0000 - 0x00007ffc4b4b5000 	C:\WINDOWS\SYSTEM32\resourcepolicyclient.dll
0x00007ffc44970000 - 0x00007ffc44a2c000 	C:\WINDOWS\SYSTEM32\mscms.dll
0x00007ffc3fac0000 - 0x00007ffc3fb0e000 	C:\Windows\System32\Windows.Internal.Graphics.Display.DisplayColorManagement.dll
0x00007ffc4e980000 - 0x00007ffc4eaa7000 	C:\WINDOWS\System32\MSCTF.dll
0x00007ffc44f10000 - 0x00007ffc44f58000 	C:\WINDOWS\SYSTEM32\directxdatabasehelper.dll
0x00007ffc44740000 - 0x00007ffc44874000 	C:\Windows\System32\AppXDeploymentClient.dll
0x00007ffbac710000 - 0x00007ffbad71b000 	C:\WINDOWS\System32\DriverStore\FileRepository\iigd_dch.inf_amd64_e04d20469f199b2b\igxelpicd64.dll
0x00007ffc48460000 - 0x00007ffc4848b000 	C:\WINDOWS\system32\dwmapi.dll
0x00007ffc48350000 - 0x00007ffc48446000 	C:\WINDOWS\system32\dxgi.dll
0x00007ffbced40000 - 0x00007ffbcf02e000 	C:\WINDOWS\System32\DriverStore\FileRepository\iigd_dch.inf_amd64_e04d20469f199b2b\igdml64.dll
0x00007ffc3ddc0000 - 0x00007ffc3e188000 	C:\WINDOWS\System32\DriverStore\FileRepository\iigd_dch.inf_amd64_e04d20469f199b2b\igdgmm64.dll
0x00007ffc35fa0000 - 0x00007ffc360cd000 	C:\WINDOWS\SYSTEM32\textinputframework.dll
0x00007ffc47cd0000 - 0x00007ffc47e03000 	C:\WINDOWS\SYSTEM32\CoreMessaging.dll
0x00007ffc43940000 - 0x00007ffc43cac000 	C:\WINDOWS\SYSTEM32\CoreUIComponents.dll
0x00007ffbfcef0000 - 0x00007ffbfcf39000 	C:\WINDOWS\SYSTEM32\icm32.dll
0x00007ffc3a7b0000 - 0x00007ffc3ddb5000 	C:\WINDOWS\System32\DriverStore\FileRepository\iigd_dch.inf_amd64_e04d20469f199b2b\igc64.dll
0x00007ffc4b230000 - 0x00007ffc4b45e000 	C:\WINDOWS\SYSTEM32\dbghelp.dll

VM Arguments:
jvm_args: -Duser.language=en_GB -Dfile.encoding=UTF-8 
java_command: org.uqbar.project.wollok.launch.WollokLauncher -requestsPort 0 -eventsPort 0 -folder -dontValidate -wf src/juego.wpgm -darkMode
java_class_path (initial): C:\Users\vhba0\git\2023s1---tp-game-wollok-team-3\bin;C:\Users\vhba0\OneDrive\Documentos\wollok\plugins\com.ibm.icu_64.2.0.v20190507-1337.jar;C:\Users\vhba0\OneDrive\Documentos\wollok\plugins\org.eclipse.xtext_2.20.0.v20191202-0915.jar;C:\Users\vhba0\OneDrive\Documentos\wollok\plugins\org.eclipse.emf.ecore.xmi_2.16.0.v20190528-0725.jar;C:\Users\vhba0\OneDrive\Documentos\wollok\plugins\org.eclipse.emf.ecore_2.20.0.v20190920-0401.jar;C:\Users\vhba0\OneDrive\Documentos\wollok\plugins\org.eclipse.emf.common_2.17.0.v20190920-0401.jar;C:\Users\vhba0\OneDrive\Documentos\wollok\plugins\org.antlr.runtime_3.2.0.v201101311130.jar;C:\Users\vhba0\OneDrive\Documentos\wollok\plugins\com.google.inject_3.0.0.v201605172100.jar;C:\Users\vhba0\OneDrive\Documentos\wollok\plugins\org.eclipse.emf.mwe.core_1.5.1.v20191121-1148.jar;C:\Users\vhba0\OneDrive\Documentos\wollok\plugins\org.apache.commons.cli_1.2.0.v201404270220.jar;C:\Users\vhba0\OneDrive\Documentos\wollok\plugins\org.eclipse.emf.mwe2.runtime_2.11.1.v20191121-1148.jar;C:\Users\vhba0\OneDrive\Documentos\wollok\plugins\org.eclipse.emf.mwe.utils_1.5.1.v20191121-1148.jar;C:\Users\vhba0\OneDrive\Documentos\wollok\plugins\org.eclipse.xtext.util_2.20.0.v20191202-0915.jar;C:\Users\vhba0\OneDrive\Documentos\wollok\plugins\com.google.guava_27.1.0.v20190517-1946.jar;C:\Users\vhba0\OneDrive\Documentos\wollok\plugins\javax.inject_1.0.0.v20091030.jar;C:\Users\vhba0\OneDrive\Documentos\wollok\plugins\org.eclipse.xtext.generator_2.20.0.v20191202-0933.jar;C:\Users\vhba0\OneDrive\Documentos\wollok\plugins\org.eclipse.xtext.xtext.generator_2.20.0.v20191202-0915.jar;C:\Users\vhba0\OneDrive\Documentos\wollok\plugins\org.eclipse.xtext.xbase.lib_2.20.0.v20191202-0907.jar;C:\Users\vhba0\OneDrive\Documentos\wollok\plugins\org.eclipse.emf.codegen.ecore_2.20.0.v20191012-0918.jar;C:\Users\vhba0\OneDrive\Documentos\wollok\plugins\org.eclipse.emf.codegen_2.19.0.v20190821-1536.jar;C:\Users\vhba0\OneDrive\Documentos\wollok\plugins\
Launcher Type: SUN_STANDARD

Environment Variables:
PATH=C:/Program Files/Java/jre-1.8/bin/server;C:/Program Files/Java/jre-1.8/bin;C:/Program Files/Java/jre-1.8/lib/amd64;C:\Program Files (x86)\Common Files\Oracle\Java\javapath;C:\Program Files\Eclipse Adoptium\jdk-8.0.362.9-hotspot\bin;C:\Windows\system32;C:\Windows;C:\Windows\System32\Wbem;C:\Windows\System32\WindowsPowerShell\v1.0\;C:\Windows\System32\OpenSSH\;C:\Program Files (x86)\NVIDIA Corporation\PhysX\Common;C:\Program Files\NVIDIA Corporation\NVIDIA NvDLISR;C:\WINDOWS\system32;C:\WINDOWS;C:\WINDOWS\System32\Wbem;C:\WINDOWS\System32\WindowsPowerShell\v1.0\;C:\WINDOWS\System32\OpenSSH\;C:\Program Files\Microsoft SQL Server\150\Tools\Binn\;C:\Program Files (x86)\dotnet\;C:\Program Files\nodejs\;C:\Program Files\Microsoft SQL Server\130\Tools\Binn\;C:\Program Files\Microsoft SQL Server\Client SDK\ODBC\170\Tools\Binn\;C:\Program Files\Git\cmd;C:\Users\vhba0\AppData\Local\Microsoft\WindowsApps;C:\Users\vhba0\AppData\Local\Programs\Microsoft VS Code\bin;C:\Users\vhba0\AppData\Roaming\npm;C:\msys64\mingw64\bin;;C:\Users\vhba0\OneDrive\Documentos\wollok;
USERNAME=vhba0
OS=Windows_NT
PROCESSOR_IDENTIFIER=Intel64 Family 6 Model 140 Stepping 1, GenuineIntel



---------------  S Y S T E M  ---------------

OS: Windows 11 , 64 bit Build 22621 (10.0.22621.1778)

CPU:total 8 (initial active 8) (4 cores per cpu, 2 threads per core) family 6 model 140 stepping 1, cmov, cx8, fxsr, mmx, sse, sse2, sse3, ssse3, sse4.1, sse4.2, popcnt, avx, avx2, aes, clmul, erms, 3dnowpref, lzcnt, ht, tsc, tscinvbit, bmi1, bmi2, adx

Memory: 4k page, physical 16461228k(5491276k free), swap 19291240k(3405452k free)

vm_info: OpenJDK 64-Bit Server VM (25.362-b09) for windows-amd64 JRE (1.8.0_362-b09), built on Jan 18 2023 17:11:58 by "jenkins" with MS VC++ 15.9 (VS2017)

time: Fri Jun 23 19:35:16 2023
timezone: Argentina Standard Time
elapsed time: 17.967234 seconds (0d 0h 0m 17s)

